2017-08-04 21:49:38 main.py DEBUG  
关键词交集为：{'大会', '发展', '抗菌', '产业', '会议'}
2017-08-04 21:49:38 main.py DEBUG  
关键词交集为：{'工程', '科学', '运输系统', '会议'}
2017-08-04 21:49:38 main.py DEBUG  
关键词交集为：{'科学', '会议'}
2017-08-04 21:49:38 main.py DEBUG  
关键词交集为：{'组学', '课程', '代谢'}
2017-08-04 21:49:38 main.py DEBUG  
关键词交集为：{'科学', '研习班', '基因组'}
2017-08-04 21:49:38 main.py DEBUG  
关键词交集为：{'科学', '珠海', '会议'}
2017-08-04 21:49:38 main.py DEBUG  
关键词交集为：{'科学', '研讨班', '会议'}
2017-08-04 21:49:38 main.py DEBUG  
关键词交集为：{'科学', '墨西哥'}
2017-08-04 21:49:38 main.py DEBUG  
关键词交集为：{'分析', '科学', '蛋白质', '基因组', '生物学'}
2017-08-04 21:49:38 main.py DEBUG  
关键词交集为：{'邀请函', '学习班', '绘图', '科研', '会议'}
2017-08-04 21:49:38 main.py DEBUG  
关键词交集为：{'培训', '科学', '软件', '统计'}
2017-08-04 21:49:38 main.py DEBUG  
关键词交集为：{'科学', '会议'}
2017-08-04 21:49:38 main.py DEBUG  
关键词交集为：{'科学'}
2017-08-04 21:49:38 main.py DEBUG  
关键词交集为：{'投稿', '科学', '会议'}
2017-08-04 21:49:38 main.py DEBUG  
关键词交集为：{'科学', '会议'}
2017-08-04 21:49:38 main.py DEBUG  
关键词交集为：{'科学', '多媒体', '图像处理', '会议'}
2017-08-04 21:49:38 main.py DEBUG  
关键词交集为：{'数据管理', '科学', '会议'}
2017-08-04 21:49:38 main.py DEBUG  
关键词交集为：{'科学', '会议'}
2017-08-04 21:49:38 main.py DEBUG  
关键词交集为：{'信息', '科学', '会议', '计算技术'}
2017-08-04 21:49:38 main.py DEBUG  
关键词交集为：{'科学', '信息技术', '检索', '会议'}
2017-08-04 21:49:38 main.py DEBUG  
关键词交集为：{'信息', '工程', '科学', '会议'}
2017-08-04 21:49:38 main.py DEBUG  
关键词交集为：{'科学', '检索', '会议'}
2017-08-04 21:49:38 main.py DEBUG  
关键词交集为：{'科学', '南洋', '会议'}
2017-08-04 21:49:38 main.py DEBUG  
关键词交集为：{'科学', '会议'}
2017-08-04 21:49:38 main.py DEBUG  
关键词交集为：{'视觉', '科学', '会议'}
2017-08-04 21:49:38 main.py DEBUG  
关键词交集为：{'科学', '会议'}
2017-08-04 21:49:38 main.py DEBUG  
关键词交集为：{'信息', '科学', '会议'}
2017-08-04 21:49:38 main.py DEBUG  
关键词交集为：{'科学', '会议'}
2017-08-04 21:49:38 main.py DEBUG  
关键词交集为：{'机器', '科学', '会议'}
2017-08-04 21:49:38 main.py DEBUG  
关键词交集为：{'科学', '会议'}
2017-08-04 21:49:38 main.py DEBUG  
关键词交集为：{'科学', '网络', '会议'}
2017-08-04 21:49:38 main.py DEBUG  
关键词交集为：{'信息管理', '科学', '会议'}
2017-08-04 21:49:38 main.py DEBUG  
关键词交集为：{'科学', '会议'}
2017-08-04 21:49:38 main.py DEBUG  
关键词交集为：{'科学', '建模', '会议'}
2017-08-04 21:49:38 main.py DEBUG  
关键词交集为：{'信息', '科学', '会议'}
2017-08-04 21:49:38 main.py DEBUG  
关键词交集为：{'科学', '会议'}
2017-08-04 21:49:38 main.py DEBUG  
关键词交集为：{'信息', '科学', '会议'}
2017-08-04 21:49:38 main.py DEBUG  
关键词交集为：{'科学', '会议'}
2017-08-04 21:49:38 main.py DEBUG  
关键词交集为：{'信息', '科学', '参会', '会议'}
2017-08-04 21:49:38 main.py DEBUG  
关键词交集为：{'科学', '会议'}
2017-08-04 21:49:38 main.py DEBUG  
关键词交集为：{'科学', '会议'}
2017-08-04 21:49:38 main.py DEBUG  
关键词交集为：{'信息', '科学', '会议'}
2017-08-04 21:49:38 main.py DEBUG  
关键词交集为：{'信息', '科学', '会议'}
2017-08-04 21:49:38 main.py DEBUG  
关键词交集为：{'科学', '期刊', '会议'}
2017-08-04 21:49:38 main.py DEBUG  
关键词交集为：{'科学', '会议'}
2017-08-04 21:49:38 main.py DEBUG  
关键词交集为：{'投稿', '科学', '信息技术', '会议'}
2017-08-04 21:49:38 main.py DEBUG  
关键词交集为：{'信息', '科学', '会议'}
2017-08-04 21:49:38 main.py DEBUG  
关键词交集为：{'信息', '科学', '新加坡', '图像处理', '会议'}
2017-08-04 21:49:38 main.py DEBUG  
关键词交集为：{'科学', '会议'}
2017-08-04 21:49:38 main.py DEBUG  
关键词交集为：{'信息', '工程', '科学', '生物医学', '会议'}
2017-08-04 21:49:38 main.py DEBUG  
关键词交集为：{'科学', '会议'}
2017-08-04 21:49:38 main.py DEBUG  
关键词交集为：{'会议'}
2017-08-04 21:49:38 main.py DEBUG  
关键词交集为：{'信息', '科学', '论文集', '会议'}
2017-08-04 21:49:38 main.py DEBUG  
关键词交集为：{'科学', '会议'}
2017-08-04 21:49:38 main.py DEBUG  
关键词交集为：{'科学', '会议'}
2017-08-04 21:49:38 main.py DEBUG  
关键词交集为：{'科学', '会议'}
2017-08-04 21:49:38 main.py DEBUG  
关键词交集为：{'科学', '化学', '会议'}
2017-08-04 21:49:38 main.py DEBUG  
关键词交集为：{'科学', '会议'}
2017-08-04 21:49:38 main.py DEBUG  
关键词交集为：{'计算机技术', '科学', '会议'}
2017-08-04 21:49:38 main.py DEBUG  
关键词交集为：{'科学', '信息学', '会议'}
2017-08-04 21:49:38 main.py DEBUG  
关键词交集为：{'信息', '科学', '会议'}
2017-08-04 21:49:38 main.py DEBUG  
关键词交集为：{'科学', '会议'}
2017-08-04 21:49:38 main.py DEBUG  
关键词交集为：{'科学', '会议'}
2017-08-04 21:49:38 main.py DEBUG  
关键词交集为：{'科学', '医疗', '数据', '会议'}
2017-08-04 21:49:38 main.py DEBUG  
关键词交集为：set()
2017-08-04 21:49:38 main.py DEBUG  
关键词交集为：{'物联网', '科学', '参会', '会议'}
2017-08-04 21:49:38 main.py DEBUG  
关键词交集为：{'储能', '科学', '技术', '会议'}
2017-08-04 21:49:38 main.py DEBUG  
关键词交集为：{'科学', '会议'}
2017-08-04 21:49:38 main.py DEBUG  
关键词交集为：{'科学', '会议'}
2017-08-04 21:49:38 main.py DEBUG  
关键词交集为：{'科学', '会议'}
2017-08-04 21:49:38 main.py DEBUG  
关键词交集为：{'数据挖掘', '参会', '会议'}
2017-08-04 21:49:38 main.py DEBUG  
关键词交集为：{'科学', '会议'}
2017-08-04 21:49:38 main.py DEBUG  
关键词交集为：{'科学', '会议'}
2017-08-04 21:49:38 main.py DEBUG  
关键词交集为：{'科学', '会议'}
2017-08-04 21:49:38 main.py DEBUG  
关键词交集为：{'科学', '会议'}
2017-08-04 21:49:38 main.py DEBUG  
关键词交集为：{'学术', '科学', '信息', '主办单位', '会议'}
2017-08-04 21:49:38 main.py DEBUG  
关键词交集为：{'科学', '会议'}
2017-08-04 21:49:38 main.py DEBUG  
关键词交集为：{'科学', '会议'}
2017-08-04 21:49:38 main.py DEBUG  
关键词交集为：{'信息', '科学', '提交', '审稿', '会议'}
2017-08-04 21:49:38 main.py DEBUG  
关键词交集为：{'科学', '提交', '澳门', '会议'}
2017-08-04 21:49:38 main.py DEBUG  
关键词交集为：{'科学', '会议'}
2017-08-04 21:49:38 main.py DEBUG  
关键词交集为：{'科学', '取证', '会议'}
2017-08-04 21:49:38 main.py DEBUG  
关键词交集为：{'信息工程', '科学', '生物医学', '会议'}
2017-08-04 21:49:38 main.py DEBUG  
关键词交集为：{'科学', '会议'}
2017-08-04 21:49:38 main.py DEBUG  
关键词交集为：{'信息', '科学', '检索', '会议'}
2017-08-04 21:49:38 main.py DEBUG  
关键词交集为：{'信息', '科学', '网络', '会议'}
2017-08-04 21:49:38 main.py DEBUG  
关键词交集为：{'网址', '科学', '会议'}
2017-08-04 21:49:38 main.py DEBUG  
关键词交集为：{'会议'}
2017-08-04 21:49:38 main.py DEBUG  
关键词交集为：{'信息', '科学', '科学网', '会议'}
2017-08-04 21:49:38 main.py DEBUG  
关键词交集为：{'功能', '会议', '基因组学', '精准', '基因', '数据'}
2017-08-04 21:49:38 main.py DEBUG  
关键词交集为：{'投稿', '科学', '会议'}
2017-08-04 21:49:38 main.py DEBUG  
关键词交集为：{'科学', '会议'}
2017-08-04 21:49:38 main.py DEBUG  
关键词交集为：{'投稿', '科学', '会议'}
2017-08-04 21:49:38 main.py DEBUG  
关键词交集为：{'科学', '会议'}
2017-08-04 21:49:38 main.py DEBUG  
关键词交集为：{'科学', '会议'}
2017-08-04 21:49:38 main.py DEBUG  
关键词交集为：{'科学', '网络', '会议'}
2017-08-04 21:49:38 main.py DEBUG  
关键词交集为：{'环境', '论文集', '系统工程', '研究'}
2017-08-04 21:49:38 main.py DEBUG  
关键词交集为：{'信息', '科学', '投稿', '计算', '会议'}
2017-08-04 21:49:38 main.py DEBUG  
关键词交集为：{'科学', '会议'}
2017-08-04 21:49:38 main.py DEBUG  
关键词交集为：{'科学', '见刊', '审稿', '会议'}
2017-08-04 21:49:38 main.py DEBUG  
关键词交集为：{'环境', '技术', '绿色'}
2017-08-04 21:49:38 main.py DEBUG  
关键词交集为：{'科学', '会议'}
2017-08-04 21:49:38 main.py DEBUG  
关键词交集为：{'中国', '交通', '轨道交通', '实验室', '中车', '技术'}
2017-08-04 21:49:38 main.py DEBUG  
关键词交集为：{'图形', '会议', '视觉', '科学', '图像处理', '计算机'}
2017-08-04 21:49:38 main.py DEBUG  
关键词交集为：{'人工智能', '科学', '信息技术', '会议'}
2017-08-04 21:49:38 main.py DEBUG  
关键词交集为：{'科学', '油田', '高峰论坛', '国际', '会议'}
2017-08-04 21:49:38 main.py DEBUG  
关键词交集为：{'信息', '科学', '生物', '会议'}
2017-08-04 21:49:38 main.py DEBUG  
关键词交集为：{'会议', '探测', '信息', '研讨会', '科学', '技术'}
2017-08-04 21:49:38 main.py DEBUG  
关键词交集为：{'科学', '会议'}
2017-08-04 21:49:38 main.py DEBUG  
关键词交集为：{'投稿', '科学', '会议'}
2017-08-04 21:49:38 main.py DEBUG  
关键词交集为：{'科学', '会议'}
2017-08-04 21:49:38 main.py DEBUG  
关键词交集为：{'科学'}
2017-08-04 21:49:38 main.py DEBUG  
关键词交集为：{'图形学', '科学', '设计', '会议'}
2017-08-04 21:49:38 main.py DEBUG  
关键词交集为：{'学习', '科学', '成都', '电子', '会议'}
2017-08-04 21:49:38 main.py DEBUG  
关键词交集为：set()
2017-08-04 21:49:38 main.py DEBUG  
关键词交集为：{'科学', '会议'}
2017-08-04 21:49:38 main.py DEBUG  
关键词交集为：{'影像', '墙报', '微创', '会议'}
2017-08-04 21:49:38 main.py DEBUG  
关键词交集为：{'科学', '网络', '会议'}
2017-08-04 21:49:38 main.py DEBUG  
关键词交集为：set()
2017-08-04 21:49:38 main.py DEBUG  
关键词交集为：{'科学', '会议'}
2017-08-04 21:49:38 main.py DEBUG  
关键词交集为：{'科学', '会议', '国际'}
2017-08-04 21:49:38 main.py DEBUG  
关键词交集为：{'科学', '会议'}
2017-08-04 21:49:38 main.py DEBUG  
关键词交集为：{'计算机技术', '科学', '电气工程', '会议'}
2017-08-04 21:49:38 main.py DEBUG  
关键词交集为：{'投稿', '科学', '计算机信息', '会议'}
2017-08-04 21:49:38 main.py DEBUG  
关键词交集为：{'科学', '会议'}
2017-08-04 21:49:38 main.py DEBUG  
关键词交集为：set()
2017-08-04 21:49:38 main.py DEBUG  
关键词交集为：{'中国', '发展', '专集', '成果', '能源', '展示', '产业'}
2017-08-04 21:49:38 main.py DEBUG  
关键词交集为：{'科学', '会议'}
2017-08-04 21:49:38 main.py DEBUG  
关键词交集为：{'科学', '信息处理', '会议'}
2017-08-04 21:49:38 main.py DEBUG  
关键词交集为：{'科学', '数据', '计算', '会议'}
2017-08-04 21:49:38 main.py DEBUG  
关键词交集为：{'科学', '会议'}
2017-08-04 21:49:38 main.py DEBUG  
关键词交集为：{'科学', '会议'}
2017-08-04 21:49:38 main.py DEBUG  
关键词交集为：{'信息', '科学', '会议'}
2017-08-04 21:49:38 main.py DEBUG  
关键词交集为：{'科学', '会议'}
2017-08-04 21:49:38 main.py DEBUG  
关键词交集为：{'科学', '会议'}
2017-08-04 21:49:38 main.py DEBUG  
关键词交集为：{'科学', '会议'}
2017-08-04 21:49:38 main.py DEBUG  
关键词交集为：{'科学', '会议'}
2017-08-04 21:49:38 main.py DEBUG  
关键词交集为：{'水印', '科学', '会议'}
2017-08-04 21:49:38 main.py DEBUG  
关键词交集为：{'信息', '科学', '会议'}
2017-08-04 21:49:38 main.py DEBUG  
关键词交集为：{'科学', '期刊', '会议'}
2017-08-04 21:49:38 main.py DEBUG  
关键词交集为：{'科学', '会议'}
2017-08-04 21:49:38 main.py DEBUG  
关键词交集为：{'机器人', '科学', '会议'}
2017-08-04 21:49:38 main.py DEBUG  
关键词交集为：{'信息', '科学', '会议'}
2017-08-04 21:49:38 main.py DEBUG  
关键词交集为：{'投稿', '科学', '会议'}
2017-08-04 21:49:38 main.py DEBUG  
关键词交集为：{'科学', '会议'}
2017-08-04 21:49:38 main.py DEBUG  
关键词交集为：{'科学', '会议'}
2017-08-04 21:49:38 main.py DEBUG  
关键词交集为：{'储能', '研究院', '电力'}
2017-08-04 21:49:38 main.py DEBUG  
关键词交集为：{'投稿', '科学', '医疗', '会议'}
2017-08-04 21:49:38 main.py DEBUG  
关键词交集为：{'科学', '生物医学', '图像处理', '会议'}
2017-08-04 21:49:38 main.py DEBUG  
关键词交集为：{'涂料', '水性', '工艺', '树脂', '制备', '配方', '应用'}
2017-08-04 21:49:38 main.py DEBUG  
关键词交集为：{'会议', '网络', '科学', '计算', '移动', '技术'}
2017-08-04 21:49:38 main.py DEBUG  
关键词交集为：{'矩阵', '科学', '烟台', '会议'}
2017-08-04 21:49:38 main.py DEBUG  
关键词交集为：{'烟台', '专题', '会议', '信息', '语言', '科学'}
2017-08-04 21:49:38 main.py DEBUG  
关键词交集为：{'中国', '标签', '设备', '物联网', '展会', '应用', 'IC卡'}
2017-08-04 21:49:38 main.py DEBUG  
关键词交集为：{'科学', '多媒体', '多媒体系统', '信号处理', '会议'}
2017-08-04 21:49:38 main.py DEBUG  
关键词交集为：{'科学', '会议'}
2017-08-04 21:49:38 main.py DEBUG  
关键词交集为：{'会议'}
2017-08-04 21:49:38 main.py DEBUG  
关键词交集为：{'科学', '商业智能', '会议'}
2017-08-04 21:49:38 main.py DEBUG  
关键词交集为：{'信息', '互联网', '科学', '会议'}
2017-08-04 21:49:38 main.py DEBUG  
关键词交集为：{'科学', '会议'}
2017-08-04 21:49:38 main.py DEBUG  
关键词交集为：{'光学', '应用', '技术', '成像', '学会'}
2017-08-04 21:49:38 main.py DEBUG  
关键词交集为：{'投稿', '科学', '出版', '会议'}
2017-08-04 21:49:38 main.py DEBUG  
关键词交集为：{'科学', '管理', '会议'}
2017-08-04 21:49:38 main.py DEBUG  
关键词交集为：{'科学', '会议'}
2017-08-04 21:49:38 main.py DEBUG  
关键词交集为：{'探测', '工程', '光学', '成像', '会议'}
2017-08-04 21:49:38 main.py DEBUG  
关键词交集为：{'会议', '信息', '科学', '创新', '应用', '区块'}
2017-08-04 21:49:38 main.py DEBUG  
关键词交集为：{'优化', '研究', '会议', '分离', '萃取', '应用', '技术'}
2017-08-04 21:49:38 main.py DEBUG  
关键词交集为：{'培训', '科学', '报名', '会议'}
2017-08-04 21:49:38 main.py DEBUG  
关键词交集为：{'信息', '论坛', '科学', '数据', '会议'}
2017-08-04 21:49:38 main.py DEBUG  
关键词交集为：{'科学', '会议'}
2017-08-04 21:49:38 main.py DEBUG  
关键词交集为：{'科学', '语言学', '会议'}
2017-08-04 21:49:38 main.py DEBUG  
关键词交集为：{'物联网', '科学', '会议'}
2017-08-04 21:49:38 main.py DEBUG  
关键词交集为：{'产业', '会议'}
2017-08-04 21:49:38 main.py DEBUG  
关键词交集为：{'物流', '服务', '会议'}
2017-08-04 21:49:38 main.py DEBUG  
关键词交集为：{'产业', '会议'}
2017-08-04 21:49:38 main.py DEBUG  
关键词交集为：{'物流', '服务', '会议'}
2017-08-04 21:49:38 main.py DEBUG  
关键词交集为：{'科学', '智能', '会议'}
2017-08-04 21:49:38 main.py DEBUG  
关键词交集为：{'科学', '会议'}
2017-08-04 21:49:38 main.py DEBUG  
关键词交集为：{'科学', '会议'}
2017-08-04 21:49:38 main.py DEBUG  
关键词交集为：{'科学', '信息学', '分子生物学', '会议'}
2017-08-04 21:49:38 main.py DEBUG  
关键词交集为：{'科学', '图像处理', '会议'}
2017-08-04 21:49:38 main.py DEBUG  
关键词交集为：{'科学', '会议'}
2017-08-04 21:49:38 main.py DEBUG  
关键词交集为：{'科学', '控制工程', '智能', '会议'}
2017-08-04 21:49:38 main.py DEBUG  
关键词交集为：{'教育', '科学', '计算机'}
2017-08-04 21:49:38 main.py DEBUG  
关键词交集为：{'研究', '创制', '防控', '生物农药', '病虫害', '农药'}
2017-08-04 21:49:38 main.py DEBUG  
关键词交集为：{'机器人', '视觉', '智能', '驾驶', '学会'}
2017-08-04 21:49:38 main.py DEBUG  
关键词交集为：{'科学', '会议'}
2017-08-04 21:49:38 main.py DEBUG  
关键词交集为：{'电子产品', '科学', '会议'}
2017-08-04 21:49:38 main.py DEBUG  
关键词交集为：{'科学', '建筑工程', '会议'}
2017-08-04 21:49:38 main.py DEBUG  
关键词交集为：{'投稿', '科学', '会议'}
2017-08-04 21:49:38 main.py DEBUG  
关键词交集为：{'组学', '注释', '基因组', '分析'}
2017-08-04 21:49:38 main.py DEBUG  
关键词交集为：{'工程', '科学', '会议'}
2017-08-04 21:49:38 main.py DEBUG  
关键词交集为：{'转录', '测序'}
2017-08-04 21:49:38 main.py DEBUG  
关键词交集为：{'科学', '会议'}
2017-08-04 21:49:38 main.py DEBUG  
关键词交集为：{'培训', '仪器', '流式', '学员'}
2017-08-04 21:49:38 main.py DEBUG  
关键词交集为：{'教育', '科学', '会议'}
2017-08-04 21:49:38 main.py DEBUG  
关键词交集为：{'信息', '科学', '会议'}
2017-08-04 21:49:38 main.py DEBUG  
关键词交集为：{'信息', '科学', '会议'}
2017-08-04 21:49:38 main.py DEBUG  
关键词交集为：{'环境', '科学', '国际', '生物质能', '会议'}
2017-08-04 21:49:38 main.py DEBUG  
关键词交集为：{'无线', '科学', '会议'}
2017-08-04 21:49:38 main.py DEBUG  
关键词交集为：{'科学', '信息处理', '会议'}
2017-08-04 21:49:38 main.py DEBUG  
关键词交集为：{'生物', '研究', '组学', '质谱', '科学', '蛋白质'}
2017-08-04 21:49:38 main.py DEBUG  
关键词交集为：{'科学', '建模', '会议'}
2017-08-04 21:49:38 main.py DEBUG  
关键词交集为：{'信息', '科学', '自动', '会议'}
2017-08-04 21:49:38 main.py DEBUG  
关键词交集为：{'计算机', '科学', '会议'}
2017-08-04 21:49:38 main.py DEBUG  
关键词交集为：{'视觉', '科学', '会议'}
2017-08-04 21:49:38 main.py DEBUG  
关键词交集为：{'机器人', '科学', '投稿', '国际', '会议'}
2017-08-04 21:49:38 main.py DEBUG  
关键词交集为：{'机器人', '工程', '科学', '国际', '会议'}
2017-08-04 21:49:38 main.py DEBUG  
关键词交集为：{'生物', '信息', '语言', '信息学', '数据处理', '报名', '应用'}
2017-08-04 21:49:38 main.py DEBUG  
关键词交集为：{'信息', '科学', '会议'}
2017-08-04 21:49:38 main.py DEBUG  
关键词交集为：{'科学', '会议'}
2017-08-04 21:49:38 main.py DEBUG  
关键词交集为：{'院刊', '会议', '科技', '农业', '科学', '结构性', '供给'}
2017-08-04 21:49:38 main.py DEBUG  
关键词交集为：{'科学', '多媒体', '网络', '会议'}
2017-08-04 21:49:38 main.py DEBUG  
关键词交集为：{'科学', '图像', '信号处理', '会议'}
2017-08-04 21:49:38 main.py DEBUG  
关键词交集为：{'工程', '科学', '检索', '审稿', '会议'}
2017-08-04 21:49:38 main.py DEBUG  
关键词交集为：{'投稿', '科学', '计算机技术', '信息工程', '会议'}
2017-08-04 21:49:38 main.py DEBUG  
关键词交集为：{'信息', '科学', '算法', '大会', '会议'}
2017-08-04 21:49:38 main.py DEBUG  
关键词交集为：{'关键点', '设备', '会议', '药品', '验证', '确认', '设施', '管理'}
2017-08-04 21:49:38 main.py DEBUG  
关键词交集为：{'投稿', '科学', '电子技术与信息', '会议'}
2017-08-04 21:49:38 main.py DEBUG  
关键词交集为：{'科学', '生物医学', '会议'}
2017-08-04 21:49:38 main.py DEBUG  
关键词交集为：{'使用', '软件', '生物', '数据库', '信息学'}
2017-08-04 21:49:38 main.py DEBUG  
关键词交集为：{'培训班', '科学', '信息学', '会议'}
2017-08-04 21:49:38 main.py DEBUG  
关键词交集为：{'会议'}
2017-08-04 21:49:38 main.py DEBUG  
关键词交集为：{'机器人', '人工智能', '科学', '参会', '会议'}
2017-08-04 21:49:38 main.py DEBUG  
关键词交集为：{'科学', '会议'}
2017-08-04 21:49:38 main.py DEBUG  
关键词交集为：{'科学', '会议'}
2017-08-04 21:49:38 main.py DEBUG  
关键词交集为：{'机器人', '科学', '智能', '会议'}
2017-08-04 21:49:38 main.py DEBUG  
关键词交集为：{'科学', '会议'}
2017-08-04 21:49:38 main.py DEBUG  
关键词交集为：{'计算机', '学会', '领域', '湖北省', '会议'}
2017-08-04 21:49:38 main.py DEBUG  候选关键词为：{'计算机', '学会', '领域', '湖北省', '会议'}
2017-08-04 21:49:38 main.py DEBUG  
关键词交集为：{'举办', '活动', '论坛', '展示', '会议'}
2017-08-04 21:49:38 main.py DEBUG  候选关键词为：{'举办', '活动', '论坛', '展示', '会议'}
2017-08-04 21:49:38 main.py DEBUG  
关键词交集为：set()
2017-08-04 21:49:38 main.py DEBUG  候选关键词为：set()
2017-08-04 21:49:38 main.py DEBUG  
关键词交集为：{'会议'}
2017-08-04 21:49:38 main.py DEBUG  候选关键词为：{'会议'}
2017-08-04 21:49:38 main.py DEBUG  
关键词交集为：{'会议'}
2017-08-04 21:49:38 main.py DEBUG  候选关键词为：{'会议'}
2017-08-04 21:49:38 main.py DEBUG  
关键词交集为：{'会议'}
2017-08-04 21:49:38 main.py DEBUG  候选关键词为：{'会议'}
2017-08-04 21:49:38 main.py DEBUG  
关键词交集为：{'会议'}
2017-08-04 21:49:38 main.py DEBUG  候选关键词为：{'会议'}
2017-08-04 21:49:38 main.py DEBUG  
关键词交集为：{'会议'}
2017-08-04 21:49:38 main.py DEBUG  候选关键词为：{'会议'}
2017-08-04 21:49:38 main.py DEBUG  
关键词交集为：{'会议'}
2017-08-04 21:49:38 main.py DEBUG  候选关键词为：{'会议'}
2017-08-04 21:49:38 main.py DEBUG  
关键词交集为：{'会议'}
2017-08-04 21:49:38 main.py DEBUG  候选关键词为：{'会议'}
2017-08-04 21:49:38 main.py DEBUG  
关键词交集为：{'会议'}
2017-08-04 21:49:38 main.py DEBUG  候选关键词为：{'会议'}
2017-08-04 21:49:38 main.py DEBUG  
关键词交集为：{'会议'}
2017-08-04 21:49:38 main.py DEBUG  候选关键词为：{'会议'}
2017-08-04 21:49:38 main.py DEBUG  
关键词交集为：set()
2017-08-04 21:49:38 main.py DEBUG  候选关键词为：set()
2017-08-04 21:49:38 main.py DEBUG  
关键词交集为：set()
2017-08-04 21:49:38 main.py DEBUG  候选关键词为：set()
2017-08-04 21:49:38 main.py DEBUG  
关键词交集为：set()
2017-08-04 21:49:38 main.py DEBUG  候选关键词为：set()
2017-08-04 21:49:38 main.py DEBUG  
关键词交集为：{'会议'}
2017-08-04 21:49:38 main.py DEBUG  候选关键词为：{'会议'}
2017-08-04 21:49:38 main.py DEBUG  
关键词交集为：{'会议'}
2017-08-04 21:49:38 main.py DEBUG  候选关键词为：{'会议'}
2017-08-04 21:49:38 main.py DEBUG  
关键词交集为：{'会议'}
2017-08-04 21:49:38 main.py DEBUG  候选关键词为：{'会议'}
2017-08-04 21:49:38 main.py DEBUG  
关键词交集为：{'大会', '图学', '应用', '数字化', '会议'}
2017-08-04 21:49:38 main.py DEBUG  候选关键词为：{'大会', '图学', '应用', '数字化', '会议'}
2017-08-04 21:49:38 main.py DEBUG  
关键词交集为：{'会议'}
2017-08-04 21:49:38 main.py DEBUG  候选关键词为：{'会议'}
2017-08-04 21:49:38 main.py DEBUG  
关键词交集为：{'会议'}
2017-08-04 21:49:38 main.py DEBUG  候选关键词为：{'会议'}
2017-08-04 21:49:38 main.py DEBUG  
关键词交集为：{'会议'}
2017-08-04 21:49:38 main.py DEBUG  候选关键词为：{'会议'}
2017-08-04 21:49:38 main.py DEBUG  
关键词交集为：{'会议'}
2017-08-04 21:49:38 main.py DEBUG  候选关键词为：{'会议'}
2017-08-04 21:49:38 main.py DEBUG  
关键词交集为：{'会议'}
2017-08-04 21:49:38 main.py DEBUG  候选关键词为：{'会议'}
2017-08-04 21:49:38 main.py DEBUG  
关键词交集为：{'会议'}
2017-08-04 21:49:38 main.py DEBUG  候选关键词为：{'会议'}
2017-08-04 21:49:38 main.py DEBUG  
关键词交集为：{'技术', '会议'}
2017-08-04 21:49:38 main.py DEBUG  候选关键词为：{'技术', '会议'}
2017-08-04 21:49:38 main.py DEBUG  
关键词交集为：{'会议'}
2017-08-04 21:49:38 main.py DEBUG  候选关键词为：{'会议'}
2017-08-04 21:49:38 main.py DEBUG  
关键词交集为：{'会议'}
2017-08-04 21:49:38 main.py DEBUG  候选关键词为：{'会议'}
2017-08-04 21:49:38 main.py DEBUG  
关键词交集为：{'会议'}
2017-08-04 21:49:38 main.py DEBUG  候选关键词为：{'会议'}
2017-08-04 21:49:38 main.py DEBUG  
关键词交集为：{'会议'}
2017-08-04 21:49:38 main.py DEBUG  候选关键词为：{'会议'}
2017-08-04 21:49:38 main.py DEBUG  
关键词交集为：{'会议'}
2017-08-04 21:49:38 main.py DEBUG  候选关键词为：{'会议'}
2017-08-04 21:49:38 main.py DEBUG  
关键词交集为：{'合作项目', '网络', '学会', '会议'}
2017-08-04 21:49:38 main.py DEBUG  候选关键词为：{'合作项目', '网络', '学会', '会议'}
2017-08-04 21:49:38 main.py DEBUG  
关键词交集为：{'体系结构', '深圳', '网络', '会议'}
2017-08-04 21:49:38 main.py DEBUG  候选关键词为：{'体系结构', '深圳', '网络', '会议'}
2017-08-04 21:49:38 main.py DEBUG  
关键词交集为：{'会议', '创新', '电力', '应用', '技术', '数据', '大会'}
2017-08-04 21:49:38 main.py DEBUG  候选关键词为：{'创新', '会议', '应用', '电力', '技术', '数据', '大会'}
2017-08-04 21:49:38 main.py DEBUG  
关键词交集为：{'会议'}
2017-08-04 21:49:38 main.py DEBUG  候选关键词为：{'会议'}
2017-08-04 21:49:38 main.py DEBUG  
关键词交集为：{'硬件', '会议'}
2017-08-04 21:49:38 main.py DEBUG  候选关键词为：{'硬件', '会议'}
2017-08-04 21:49:38 main.py DEBUG  
关键词交集为：{'会议'}
2017-08-04 21:49:38 main.py DEBUG  候选关键词为：{'会议'}
2017-08-04 21:49:38 main.py DEBUG  
关键词交集为：{'会议'}
2017-08-04 21:49:38 main.py DEBUG  候选关键词为：{'会议'}
2017-08-04 21:49:38 main.py DEBUG  
关键词交集为：{'会议'}
2017-08-04 21:49:38 main.py DEBUG  候选关键词为：{'会议'}
2017-08-04 21:49:38 main.py DEBUG  
关键词交集为：{'会议'}
2017-08-04 21:49:38 main.py DEBUG  候选关键词为：{'会议'}
2017-08-04 21:49:38 main.py DEBUG  
关键词交集为：{'会议'}
2017-08-04 21:49:38 main.py DEBUG  候选关键词为：{'会议'}
2017-08-04 21:49:38 main.py DEBUG  
关键词交集为：{'人工智能', '会议'}
2017-08-04 21:49:38 main.py DEBUG  候选关键词为：{'人工智能', '会议'}
2017-08-04 21:49:38 main.py DEBUG  
关键词交集为：{'会议'}
2017-08-04 21:49:38 main.py DEBUG  候选关键词为：{'会议'}
2017-08-04 21:49:38 main.py DEBUG  
关键词交集为：{'会议'}
2017-08-04 21:49:38 main.py DEBUG  候选关键词为：{'会议'}
2017-08-04 21:49:38 main.py DEBUG  
关键词交集为：{'会议'}
2017-08-04 21:49:38 main.py DEBUG  候选关键词为：{'会议'}
2017-08-04 21:49:38 main.py DEBUG  
关键词交集为：{'会议'}
2017-08-04 21:49:38 main.py DEBUG  候选关键词为：{'会议'}
2017-08-04 21:49:38 main.py DEBUG  
关键词交集为：{'会议'}
2017-08-04 21:49:38 main.py DEBUG  候选关键词为：{'会议'}
2017-08-04 21:49:38 main.py DEBUG  
关键词交集为：{'会议'}
2017-08-04 21:49:38 main.py DEBUG  候选关键词为：{'会议'}
2017-08-04 21:49:38 main.py DEBUG  
关键词交集为：{'会议'}
2017-08-04 21:49:38 main.py DEBUG  候选关键词为：{'会议'}
2017-08-04 21:49:38 main.py DEBUG  
关键词交集为：{'会议'}
2017-08-04 21:49:38 main.py DEBUG  候选关键词为：{'会议'}
2017-08-04 21:49:38 main.py DEBUG  
关键词交集为：{'会议'}
2017-08-04 21:49:38 main.py DEBUG  候选关键词为：{'会议'}
2017-08-04 21:49:38 main.py DEBUG  
关键词交集为：{'会议'}
2017-08-04 21:49:38 main.py DEBUG  候选关键词为：{'会议'}
2017-08-04 21:49:38 main.py DEBUG  
关键词交集为：{'会议'}
2017-08-04 21:49:38 main.py DEBUG  候选关键词为：{'会议'}
2017-08-04 21:49:38 main.py DEBUG  
关键词交集为：{'会议'}
2017-08-04 21:49:38 main.py DEBUG  候选关键词为：{'会议'}
2017-08-04 21:49:38 main.py DEBUG  
关键词交集为：{'会议'}
2017-08-04 21:49:38 main.py DEBUG  候选关键词为：{'会议'}
2017-08-04 21:49:38 main.py DEBUG  
关键词交集为：{'会议'}
2017-08-04 21:49:38 main.py DEBUG  候选关键词为：{'会议'}
2017-08-04 21:49:38 main.py DEBUG  
关键词交集为：{'主席', '会议'}
2017-08-04 21:49:38 main.py DEBUG  候选关键词为：{'主席', '会议'}
2017-08-04 21:49:38 main.py DEBUG  
关键词交集为：{'会议'}
2017-08-04 21:49:38 main.py DEBUG  候选关键词为：{'会议'}
2017-08-04 21:49:38 main.py DEBUG  
关键词交集为：set()
2017-08-04 21:49:38 main.py DEBUG  候选关键词为：set()
2017-08-04 21:49:38 main.py DEBUG  
关键词交集为：{'会议'}
2017-08-04 21:49:38 main.py DEBUG  候选关键词为：{'会议'}
2017-08-04 21:49:38 main.py DEBUG  
关键词交集为：{'会议'}
2017-08-04 21:49:38 main.py DEBUG  候选关键词为：{'会议'}
2017-08-04 21:49:38 main.py DEBUG  
关键词交集为：{'会议'}
2017-08-04 21:49:38 main.py DEBUG  候选关键词为：{'会议'}
2017-08-04 21:49:38 main.py DEBUG  
关键词交集为：{'会议'}
2017-08-04 21:49:38 main.py DEBUG  候选关键词为：{'会议'}
2017-08-04 21:49:38 main.py DEBUG  
关键词交集为：{'会议'}
2017-08-04 21:49:38 main.py DEBUG  候选关键词为：{'会议'}
2017-08-04 21:49:38 main.py DEBUG  
关键词交集为：{'会议'}
2017-08-04 21:49:38 main.py DEBUG  候选关键词为：{'会议'}
2017-08-04 21:49:38 main.py DEBUG  
关键词交集为：{'会议'}
2017-08-04 21:49:38 main.py DEBUG  候选关键词为：{'会议'}
2017-08-04 21:49:38 main.py DEBUG  
关键词交集为：{'会议'}
2017-08-04 21:49:38 main.py DEBUG  候选关键词为：{'会议'}
2017-08-04 21:49:38 main.py DEBUG  
关键词交集为：{'主席', '会议'}
2017-08-04 21:49:38 main.py DEBUG  候选关键词为：{'主席', '会议'}
2017-08-04 21:49:38 main.py DEBUG  
关键词交集为：{'会议'}
2017-08-04 21:49:38 main.py DEBUG  候选关键词为：{'会议'}
2017-08-04 21:49:38 main.py DEBUG  
关键词交集为：{'视频', '会议'}
2017-08-04 21:49:38 main.py DEBUG  候选关键词为：{'视频', '会议'}
2017-08-04 21:49:38 main.py DEBUG  
关键词交集为：{'会议'}
2017-08-04 21:49:38 main.py DEBUG  候选关键词为：{'会议'}
2017-08-04 21:49:38 main.py DEBUG  
关键词交集为：{'会议'}
2017-08-04 21:49:38 main.py DEBUG  候选关键词为：{'会议'}
2017-08-04 21:49:38 main.py DEBUG  
关键词交集为：{'会议'}
2017-08-04 21:49:38 main.py DEBUG  候选关键词为：{'会议'}
2017-08-04 21:49:38 main.py DEBUG  
关键词交集为：{'会议'}
2017-08-04 21:49:38 main.py DEBUG  候选关键词为：{'会议'}
2017-08-04 21:49:38 main.py DEBUG  
关键词交集为：set()
2017-08-04 21:49:38 main.py DEBUG  候选关键词为：set()
2017-08-04 21:49:38 main.py DEBUG  
关键词交集为：{'生物', '会议', '组学', '信息学', '内蒙古', '数据'}
2017-08-04 21:49:38 main.py DEBUG  候选关键词为：{'生物', '会议', '组学', '内蒙古', '数据', '信息学'}
2017-08-04 21:49:38 main.py DEBUG  
关键词交集为：{'教育', '会议', '职业', '教学', '信息化', '应用', '信息技术'}
2017-08-04 21:49:38 main.py DEBUG  候选关键词为：{'教育', '信息化', '教学', '会议', '职业', '应用', '信息技术'}
2017-08-04 21:49:38 main.py DEBUG  
关键词交集为：{'教育', '会议', '校园', '数字', '建设', '应用', '职业院校'}
2017-08-04 21:49:38 main.py DEBUG  候选关键词为：{'教育', '数字', '会议', '建设', '应用', '职业院校', '校园'}
2017-08-04 21:49:38 main.py DEBUG  
关键词交集为：{'会议'}
2017-08-04 21:49:38 main.py DEBUG  候选关键词为：{'会议'}
2017-08-04 21:49:38 main.py DEBUG  
关键词交集为：{'会议'}
2017-08-04 21:49:38 main.py DEBUG  候选关键词为：{'会议'}
2017-08-04 21:49:38 main.py DEBUG  
关键词交集为：{'会议'}
2017-08-04 21:49:38 main.py DEBUG  候选关键词为：{'会议'}
2017-08-04 21:49:38 main.py DEBUG  
关键词交集为：set()
2017-08-04 21:49:38 main.py DEBUG  候选关键词为：set()
2017-08-04 21:49:38 main.py DEBUG  
关键词交集为：{'会议'}
2017-08-04 21:49:38 main.py DEBUG  候选关键词为：{'会议'}
2017-08-04 21:49:38 main.py DEBUG  
关键词交集为：{'会议'}
2017-08-04 21:49:38 main.py DEBUG  候选关键词为：{'会议'}
2017-08-04 21:49:38 main.py DEBUG  
关键词交集为：{'会议'}
2017-08-04 21:49:38 main.py DEBUG  候选关键词为：{'会议'}
2017-08-04 21:49:38 main.py DEBUG  
关键词交集为：{'会议'}
2017-08-04 21:49:38 main.py DEBUG  候选关键词为：{'会议'}
2017-08-04 21:49:38 main.py DEBUG  
关键词交集为：set()
2017-08-04 21:49:38 main.py DEBUG  候选关键词为：set()
2017-08-04 21:49:38 main.py DEBUG  
关键词交集为：set()
2017-08-04 21:49:38 main.py DEBUG  候选关键词为：set()
2017-08-04 21:49:38 main.py DEBUG  
关键词交集为：{'会议'}
2017-08-04 21:49:38 main.py DEBUG  候选关键词为：{'会议'}
2017-08-04 21:49:38 main.py DEBUG  
关键词交集为：set()
2017-08-04 21:49:38 main.py DEBUG  候选关键词为：set()
2017-08-04 21:49:38 main.py DEBUG  
关键词交集为：{'会议'}
2017-08-04 21:49:38 main.py DEBUG  候选关键词为：{'会议'}
2017-08-04 21:49:38 main.py DEBUG  
关键词交集为：{'会议'}
2017-08-04 21:49:38 main.py DEBUG  候选关键词为：{'会议'}
2017-08-04 21:49:38 main.py DEBUG  
关键词交集为：{'会议'}
2017-08-04 21:49:38 main.py DEBUG  候选关键词为：{'会议'}
2017-08-04 21:49:38 main.py DEBUG  
关键词交集为：{'会议'}
2017-08-04 21:49:38 main.py DEBUG  候选关键词为：{'会议'}
2017-08-04 21:49:38 main.py DEBUG  
关键词交集为：{'会议'}
2017-08-04 21:49:38 main.py DEBUG  候选关键词为：{'会议'}
2017-08-04 21:49:38 main.py DEBUG  
关键词交集为：set()
2017-08-04 21:49:38 main.py DEBUG  候选关键词为：set()
2017-08-04 21:49:38 main.py DEBUG  
关键词交集为：{'会议'}
2017-08-04 21:49:38 main.py DEBUG  候选关键词为：{'会议'}
2017-08-04 21:49:38 main.py DEBUG  
关键词交集为：{'会议'}
2017-08-04 21:49:38 main.py DEBUG  候选关键词为：{'会议'}
2017-08-04 21:49:38 main.py DEBUG  
关键词交集为：{'来稿', '会议', '投稿', '漏洞', '评估', '分析'}
2017-08-04 21:49:38 main.py DEBUG  候选关键词为：{'投稿', '来稿', '会议', '漏洞', '评估', '分析'}
2017-08-04 21:49:38 main.py DEBUG  
关键词交集为：{'知识', '链接', '科学技术', '组织', '会议'}
2017-08-04 21:49:38 main.py DEBUG  候选关键词为：{'知识', '链接', '科学技术', '组织', '会议'}
2017-08-04 21:49:38 main.py DEBUG  
关键词交集为：{'会议', '发展', '电子', '共享', '公共服务', '治理'}
2017-08-04 21:49:38 main.py DEBUG  候选关键词为：{'共享', '公共服务', '会议', '发展', '电子', '治理'}
2017-08-04 21:49:38 main.py DEBUG  
关键词交集为：set()
2017-08-04 21:49:38 main.py DEBUG  候选关键词为：set()
2017-08-04 21:49:38 main.py DEBUG  
关键词交集为：{'会议'}
2017-08-04 21:49:38 main.py DEBUG  候选关键词为：{'会议'}
2017-08-04 21:49:38 main.py DEBUG  
关键词交集为：{'会议'}
2017-08-04 21:49:38 main.py DEBUG  候选关键词为：{'会议'}
2017-08-04 21:49:38 main.py DEBUG  
关键词交集为：{'管线', '会议', '管道', '油气', '建设', '技术'}
2017-08-04 21:49:38 main.py DEBUG  候选关键词为：{'管线', '油气', '会议', '建设', '管道', '技术'}
2017-08-04 21:49:38 main.py DEBUG  
关键词交集为：{'会议'}
2017-08-04 21:49:38 main.py DEBUG  候选关键词为：{'会议'}
2017-08-04 21:49:38 main.py DEBUG  
关键词交集为：set()
2017-08-04 21:49:38 main.py DEBUG  候选关键词为：set()
2017-08-04 21:49:38 main.py DEBUG  
关键词交集为：{'会议'}
2017-08-04 21:49:38 main.py DEBUG  候选关键词为：{'会议'}
2017-08-04 21:49:38 main.py DEBUG  
关键词交集为：{'会议'}
2017-08-04 21:49:38 main.py DEBUG  候选关键词为：{'会议'}
2017-08-04 21:49:38 main.py DEBUG  
关键词交集为：{'会议'}
2017-08-04 21:49:38 main.py DEBUG  候选关键词为：{'会议'}
2017-08-04 21:49:38 main.py DEBUG  
关键词交集为：{'会议'}
2017-08-04 21:49:38 main.py DEBUG  候选关键词为：{'会议'}
2017-08-04 21:49:38 main.py DEBUG  
关键词交集为：{'会议'}
2017-08-04 21:49:38 main.py DEBUG  候选关键词为：{'会议'}
2017-08-04 21:49:38 main.py DEBUG  
关键词交集为：{'会议'}
2017-08-04 21:49:38 main.py DEBUG  候选关键词为：{'会议'}
2017-08-04 21:49:38 main.py DEBUG  
关键词交集为：set()
2017-08-04 21:49:38 main.py DEBUG  候选关键词为：set()
2017-08-04 21:49:38 main.py DEBUG  
关键词交集为：set()
2017-08-04 21:49:38 main.py DEBUG  候选关键词为：set()
2017-08-04 21:49:38 main.py DEBUG  
关键词交集为：{'会议'}
2017-08-04 21:49:38 main.py DEBUG  候选关键词为：{'会议'}
2017-08-04 21:49:38 main.py DEBUG  
关键词交集为：{'会议'}
2017-08-04 21:49:38 main.py DEBUG  候选关键词为：{'会议'}
2017-08-04 21:49:38 main.py DEBUG  
关键词交集为：{'会议'}
2017-08-04 21:49:38 main.py DEBUG  候选关键词为：{'会议'}
2017-08-04 21:49:38 main.py DEBUG  
关键词交集为：{'会议'}
2017-08-04 21:49:38 main.py DEBUG  候选关键词为：{'会议'}
2017-08-04 21:49:38 main.py DEBUG  
关键词交集为：{'会议'}
2017-08-04 21:49:38 main.py DEBUG  候选关键词为：{'会议'}
2017-08-04 21:49:38 main.py DEBUG  
关键词交集为：{'会议'}
2017-08-04 21:49:38 main.py DEBUG  候选关键词为：{'会议'}
2017-08-04 21:49:38 main.py DEBUG  
关键词交集为：{'会议'}
2017-08-04 21:49:38 main.py DEBUG  候选关键词为：{'会议'}
2017-08-04 21:49:38 main.py DEBUG  
关键词交集为：set()
2017-08-04 21:49:38 main.py DEBUG  候选关键词为：set()
2017-08-04 21:49:38 main.py DEBUG  
关键词交集为：{'会议'}
2017-08-04 21:49:38 main.py DEBUG  候选关键词为：{'会议'}
2017-08-04 21:49:38 main.py DEBUG  
关键词交集为：{'会议'}
2017-08-04 21:49:38 main.py DEBUG  候选关键词为：{'会议'}
2017-08-04 21:49:38 main.py DEBUG  
关键词交集为：{'会议'}
2017-08-04 21:49:38 main.py DEBUG  候选关键词为：{'会议'}
2017-08-04 21:49:38 main.py DEBUG  
关键词交集为：{'会议'}
2017-08-04 21:49:38 main.py DEBUG  候选关键词为：{'会议'}
2017-08-04 21:49:38 main.py DEBUG  
关键词交集为：{'会议'}
2017-08-04 21:49:38 main.py DEBUG  候选关键词为：{'会议'}
2017-08-04 21:49:38 main.py DEBUG  
关键词交集为：{'会议'}
2017-08-04 21:49:38 main.py DEBUG  候选关键词为：{'会议'}
2017-08-04 21:49:38 main.py DEBUG  
关键词交集为：set()
2017-08-04 21:49:38 main.py DEBUG  候选关键词为：set()
2017-08-04 21:49:38 main.py DEBUG  
关键词交集为：{'会议'}
2017-08-04 21:49:38 main.py DEBUG  候选关键词为：{'会议'}
2017-08-04 21:49:38 main.py DEBUG  
关键词交集为：{'会议'}
2017-08-04 21:49:38 main.py DEBUG  候选关键词为：{'会议'}
2017-08-04 21:49:38 main.py DEBUG  
关键词交集为：{'会议'}
2017-08-04 21:49:38 main.py DEBUG  候选关键词为：{'会议'}
2017-08-04 21:49:38 main.py DEBUG  
关键词交集为：{'会议'}
2017-08-04 21:49:38 main.py DEBUG  候选关键词为：{'会议'}
2017-08-04 21:49:38 main.py DEBUG  
关键词交集为：{'会议'}
2017-08-04 21:49:38 main.py DEBUG  候选关键词为：{'会议'}
2017-08-04 21:49:38 main.py DEBUG  
关键词交集为：{'会议'}
2017-08-04 21:49:38 main.py DEBUG  候选关键词为：{'会议'}
2017-08-04 21:49:38 main.py DEBUG  
关键词交集为：{'会议'}
2017-08-04 21:49:38 main.py DEBUG  候选关键词为：{'会议'}
2017-08-04 21:49:38 main.py DEBUG  
关键词交集为：{'会议'}
2017-08-04 21:49:38 main.py DEBUG  候选关键词为：{'会议'}
2017-08-04 21:49:38 main.py DEBUG  
关键词交集为：{'会议'}
2017-08-04 21:49:38 main.py DEBUG  候选关键词为：{'会议'}
2017-08-04 21:49:38 main.py DEBUG  
关键词交集为：set()
2017-08-04 21:49:38 main.py DEBUG  候选关键词为：set()
2017-08-04 21:49:38 main.py DEBUG  
关键词交集为：{'会议'}
2017-08-04 21:49:38 main.py DEBUG  候选关键词为：{'会议'}
2017-08-04 21:49:38 main.py DEBUG  
关键词交集为：{'会议'}
2017-08-04 21:49:38 main.py DEBUG  候选关键词为：{'会议'}
2017-08-04 21:49:38 main.py DEBUG  
关键词交集为：{'哥伦比亚', '会议'}
2017-08-04 21:49:38 main.py DEBUG  候选关键词为：{'哥伦比亚', '会议'}
2017-08-04 21:49:38 main.py DEBUG  
关键词交集为：set()
2017-08-04 21:49:38 main.py DEBUG  候选关键词为：set()
2017-08-04 21:49:38 main.py DEBUG  
关键词交集为：set()
2017-08-04 21:49:38 main.py DEBUG  候选关键词为：set()
2017-08-04 21:49:38 main.py DEBUG  
关键词交集为：{'会议'}
2017-08-04 21:49:38 main.py DEBUG  候选关键词为：{'会议'}
2017-08-04 21:49:38 main.py DEBUG  
关键词交集为：{'会议'}
2017-08-04 21:49:38 main.py DEBUG  候选关键词为：{'会议'}
2017-08-04 21:49:38 main.py DEBUG  
关键词交集为：{'会议'}
2017-08-04 21:49:38 main.py DEBUG  候选关键词为：{'会议'}
2017-08-04 21:49:38 main.py DEBUG  
关键词交集为：{'学科', '会议', '图学', '研讨', '技术', '数据'}
2017-08-04 21:49:38 main.py DEBUG  候选关键词为：{'图学', '学科', '会议', '研讨', '技术', '数据'}
2017-08-04 21:49:38 main.py DEBUG  
关键词交集为：{'会议'}
2017-08-04 21:49:38 main.py DEBUG  候选关键词为：{'会议'}
2017-08-04 21:49:38 main.py DEBUG  
关键词交集为：{'会议'}
2017-08-04 21:49:38 main.py DEBUG  候选关键词为：{'会议'}
2017-08-04 21:49:38 main.py DEBUG  
关键词交集为：{'会议'}
2017-08-04 21:49:38 main.py DEBUG  候选关键词为：{'会议'}
2017-08-04 21:49:38 main.py DEBUG  
关键词交集为：{'会议'}
2017-08-04 21:49:38 main.py DEBUG  候选关键词为：{'会议'}
2017-08-04 21:49:38 main.py DEBUG  
关键词交集为：{'会议'}
2017-08-04 21:49:38 main.py DEBUG  候选关键词为：{'会议'}
2017-08-04 21:49:38 main.py DEBUG  
关键词交集为：{'会议'}
2017-08-04 21:49:38 main.py DEBUG  候选关键词为：{'会议'}
2017-08-04 21:49:38 main.py DEBUG  
关键词交集为：{'学院', '会议'}
2017-08-04 21:49:38 main.py DEBUG  候选关键词为：{'学院', '会议'}
2017-08-04 21:49:38 main.py DEBUG  
关键词交集为：{'学术', '深圳', '博士', '硕士', '会议'}
2017-08-04 21:49:38 main.py DEBUG  候选关键词为：{'学术', '深圳', '博士', '硕士', '会议'}
2017-08-04 21:49:38 main.py DEBUG  
关键词交集为：{'学生', '竞赛', '大学生', '学院', '软件'}
2017-08-04 21:49:38 main.py DEBUG  候选关键词为：{'学生', '竞赛', '大学生', '学院', '软件'}
2017-08-04 21:49:38 main.py DEBUG  
关键词交集为：set()
2017-08-04 21:49:38 main.py DEBUG  候选关键词为：set()
2017-08-04 21:49:38 main.py DEBUG  
关键词交集为：{'会议'}
2017-08-04 21:49:38 main.py DEBUG  候选关键词为：{'会议'}
2017-08-04 21:49:38 main.py DEBUG  
关键词交集为：{'会议'}
2017-08-04 21:49:38 main.py DEBUG  候选关键词为：{'会议'}
2017-08-04 21:49:38 main.py DEBUG  
关键词交集为：{'会议'}
2017-08-04 21:49:38 main.py DEBUG  候选关键词为：{'会议'}
2017-08-04 21:49:38 main.py DEBUG  
关键词交集为：{'会议'}
2017-08-04 21:49:38 main.py DEBUG  候选关键词为：{'会议'}
2017-08-04 21:49:38 main.py DEBUG  
关键词交集为：{'会议'}
2017-08-04 21:49:38 main.py DEBUG  候选关键词为：{'会议'}
2017-08-04 21:49:38 main.py DEBUG  
关键词交集为：{'视觉', '会议'}
2017-08-04 21:49:38 main.py DEBUG  候选关键词为：{'视觉', '会议'}
2017-08-04 21:49:38 main.py DEBUG  
关键词交集为：{'互联网', '会议', '大学', '学报', '网络', '电子科技'}
2017-08-04 21:49:38 main.py DEBUG  候选关键词为：{'互联网', '电子科技', '网络', '会议', '大学', '学报'}
2017-08-04 21:49:38 main.py DEBUG  
关键词交集为：set()
2017-08-04 21:49:38 main.py DEBUG  候选关键词为：set()
2017-08-04 21:49:38 main.py DEBUG  
关键词交集为：{'会议'}
2017-08-04 21:49:38 main.py DEBUG  候选关键词为：{'会议'}
2017-08-04 21:49:38 main.py DEBUG  
关键词交集为：{'会议'}
2017-08-04 21:49:38 main.py DEBUG  候选关键词为：{'会议'}
2017-08-04 21:49:38 main.py DEBUG  
关键词交集为：set()
2017-08-04 21:49:38 main.py DEBUG  候选关键词为：set()
2017-08-04 21:49:38 main.py DEBUG  
关键词交集为：set()
2017-08-04 21:49:38 main.py DEBUG  候选关键词为：set()
2017-08-04 21:49:38 main.py DEBUG  
关键词交集为：{'会议'}
2017-08-04 21:49:38 main.py DEBUG  候选关键词为：{'会议'}
2017-08-04 21:49:38 main.py DEBUG  
关键词交集为：{'会议'}
2017-08-04 21:49:38 main.py DEBUG  候选关键词为：{'会议'}
2017-08-04 21:49:38 main.py DEBUG  
关键词交集为：{'会议'}
2017-08-04 21:49:38 main.py DEBUG  候选关键词为：{'会议'}
2017-08-04 21:49:38 main.py DEBUG  
关键词交集为：set()
2017-08-04 21:49:38 main.py DEBUG  候选关键词为：set()
2017-08-04 21:49:38 main.py DEBUG  
关键词交集为：{'会议'}
2017-08-04 21:49:38 main.py DEBUG  候选关键词为：{'会议'}
2017-08-04 21:49:38 main.py DEBUG  
关键词交集为：set()
2017-08-04 21:49:38 main.py DEBUG  候选关键词为：set()
2017-08-04 21:49:38 main.py DEBUG  
关键词交集为：set()
2017-08-04 21:49:38 main.py DEBUG  候选关键词为：set()
2017-08-04 21:49:38 main.py DEBUG  
关键词交集为：set()
2017-08-04 21:49:38 main.py DEBUG  候选关键词为：set()
2017-08-04 21:49:38 main.py DEBUG  
关键词交集为：set()
2017-08-04 21:49:38 main.py DEBUG  候选关键词为：set()
2017-08-04 21:49:38 main.py DEBUG  
关键词交集为：{'会议'}
2017-08-04 21:49:38 main.py DEBUG  候选关键词为：{'会议'}
2017-08-04 21:49:38 main.py DEBUG  
关键词交集为：{'会议'}
2017-08-04 21:49:38 main.py DEBUG  候选关键词为：{'会议'}
2017-08-04 21:49:38 main.py DEBUG  
关键词交集为：set()
2017-08-04 21:49:38 main.py DEBUG  候选关键词为：set()
2017-08-04 21:49:38 main.py DEBUG  
关键词交集为：{'会议'}
2017-08-04 21:49:38 main.py DEBUG  候选关键词为：{'会议'}
2017-08-04 21:49:38 main.py DEBUG  
关键词交集为：{'会议'}
2017-08-04 21:49:38 main.py DEBUG  候选关键词为：{'会议'}
2017-08-04 21:49:38 main.py DEBUG  
关键词交集为：{'会议'}
2017-08-04 21:49:38 main.py DEBUG  候选关键词为：{'会议'}
2017-08-04 21:49:38 main.py DEBUG  
关键词交集为：{'会议'}
2017-08-04 21:49:38 main.py DEBUG  候选关键词为：{'会议'}
2017-08-04 21:49:38 main.py DEBUG  
关键词交集为：{'会议'}
2017-08-04 21:49:38 main.py DEBUG  候选关键词为：{'会议'}
2017-08-04 21:49:38 main.py DEBUG  
关键词交集为：{'技术', '学报', '会议'}
2017-08-04 21:49:38 main.py DEBUG  候选关键词为：{'技术', '学报', '会议'}
2017-08-04 21:49:38 main.py DEBUG  
关键词交集为：{'会议'}
2017-08-04 21:49:38 main.py DEBUG  候选关键词为：{'会议'}
2017-08-04 21:49:38 main.py DEBUG  
关键词交集为：{'会议'}
2017-08-04 21:49:38 main.py DEBUG  候选关键词为：{'会议'}
2017-08-04 21:49:38 main.py DEBUG  
关键词交集为：set()
2017-08-04 21:49:38 main.py DEBUG  候选关键词为：set()
2017-08-04 21:49:38 main.py DEBUG  
关键词交集为：{'数据', '制造', '会议'}
2017-08-04 21:49:38 main.py DEBUG  候选关键词为：{'数据', '制造', '会议'}
2017-08-04 21:49:38 main.py DEBUG  
关键词交集为：{'学术', '会议', '信息', '研究生', '感知', '智能', '制造', '技术'}
2017-08-04 21:49:38 main.py DEBUG  候选关键词为：{'学术', '会议', '信息', '研究生', '感知', '智能', '制造', '技术'}
2017-08-04 21:49:38 main.py DEBUG  
关键词交集为：set()
2017-08-04 21:49:38 main.py DEBUG  候选关键词为：set()
2017-08-04 21:49:38 main.py DEBUG  
关键词交集为：{'会议'}
2017-08-04 21:49:38 main.py DEBUG  候选关键词为：{'会议'}
2017-08-04 21:49:38 main.py DEBUG  
关键词交集为：{'会议'}
2017-08-04 21:49:38 main.py DEBUG  候选关键词为：{'会议'}
2017-08-04 21:49:38 main.py DEBUG  
关键词交集为：{'会议'}
2017-08-04 21:49:38 main.py DEBUG  候选关键词为：{'会议'}
2017-08-04 21:49:38 main.py DEBUG  
关键词交集为：{'会议'}
2017-08-04 21:49:38 main.py DEBUG  候选关键词为：{'会议'}
2017-08-04 21:49:38 main.py DEBUG  
关键词交集为：{'会议'}
2017-08-04 21:49:38 main.py DEBUG  候选关键词为：{'会议'}
2017-08-04 21:49:38 main.py DEBUG  
关键词交集为：{'会议'}
2017-08-04 21:49:38 main.py DEBUG  候选关键词为：{'会议'}
2017-08-04 21:49:38 main.py DEBUG  
关键词交集为：{'会议'}
2017-08-04 21:49:38 main.py DEBUG  候选关键词为：{'会议'}
2017-08-04 21:49:38 main.py DEBUG  
关键词交集为：{'会议'}
2017-08-04 21:49:38 main.py DEBUG  候选关键词为：{'会议'}
2017-08-04 21:49:38 main.py DEBUG  
关键词交集为：{'会议'}
2017-08-04 21:49:38 main.py DEBUG  候选关键词为：{'会议'}
2017-08-04 21:49:38 main.py DEBUG  
关键词交集为：{'研究生', '学员', '挖掘', '数据安全', '会议'}
2017-08-04 21:49:38 main.py DEBUG  候选关键词为：{'研究生', '学员', '挖掘', '数据安全', '会议'}
2017-08-04 21:49:38 main.py DEBUG  
关键词交集为：{'会议'}
2017-08-04 21:49:38 main.py DEBUG  候选关键词为：{'会议'}
2017-08-04 21:49:38 main.py DEBUG  
关键词交集为：set()
2017-08-04 21:49:38 main.py DEBUG  候选关键词为：set()
2017-08-04 21:49:38 main.py DEBUG  
关键词交集为：{'会议'}
2017-08-04 21:49:38 main.py DEBUG  候选关键词为：{'会议'}
2017-08-04 21:49:38 main.py DEBUG  
关键词交集为：{'会议'}
2017-08-04 21:49:38 main.py DEBUG  候选关键词为：{'会议'}
2017-08-04 21:49:38 main.py DEBUG  
关键词交集为：{'会议'}
2017-08-04 21:49:38 main.py DEBUG  候选关键词为：{'会议'}
2017-08-04 21:49:38 main.py DEBUG  
关键词交集为：{'会议'}
2017-08-04 21:49:38 main.py DEBUG  候选关键词为：{'会议'}
2017-08-04 21:49:38 main.py DEBUG  
关键词交集为：{'会议'}
2017-08-04 21:49:38 main.py DEBUG  候选关键词为：{'会议'}
2017-08-04 21:49:38 main.py DEBUG  
关键词交集为：{'计算机科学', '会议'}
2017-08-04 21:49:38 main.py DEBUG  候选关键词为：{'计算机科学', '会议'}
2017-08-04 21:49:38 main.py DEBUG  
关键词交集为：{'会议'}
2017-08-04 21:49:38 main.py DEBUG  候选关键词为：{'会议'}
2017-08-04 21:49:38 main.py DEBUG  
关键词交集为：{'会议'}
2017-08-04 21:49:38 main.py DEBUG  候选关键词为：{'会议'}
2017-08-04 21:49:38 main.py DEBUG  
关键词交集为：{'会议'}
2017-08-04 21:49:38 main.py DEBUG  候选关键词为：{'会议'}
2017-08-04 21:49:38 main.py DEBUG  
关键词交集为：{'会议'}
2017-08-04 21:49:38 main.py DEBUG  候选关键词为：{'会议'}
2017-08-04 21:49:38 main.py DEBUG  
关键词交集为：{'会议'}
2017-08-04 21:49:38 main.py DEBUG  候选关键词为：{'会议'}
2017-08-04 21:49:38 main.py DEBUG  
关键词交集为：{'会议'}
2017-08-04 21:49:38 main.py DEBUG  候选关键词为：{'会议'}
2017-08-04 21:49:38 main.py DEBUG  
关键词交集为：{'会议'}
2017-08-04 21:49:38 main.py DEBUG  候选关键词为：{'会议'}
2017-08-04 21:49:38 main.py DEBUG  
关键词交集为：{'会议'}
2017-08-04 21:49:38 main.py DEBUG  候选关键词为：{'会议'}
2017-08-04 21:49:38 main.py DEBUG  
关键词交集为：{'会议'}
2017-08-04 21:49:38 main.py DEBUG  候选关键词为：{'会议'}
2017-08-04 21:49:38 main.py DEBUG  
关键词交集为：{'会议'}
2017-08-04 21:49:38 main.py DEBUG  候选关键词为：{'会议'}
2017-08-04 21:49:38 main.py DEBUG  
关键词交集为：{'会议'}
2017-08-04 21:49:38 main.py DEBUG  候选关键词为：{'会议'}
2017-08-04 21:49:38 main.py DEBUG  
关键词交集为：{'会议'}
2017-08-04 21:49:38 main.py DEBUG  候选关键词为：{'会议'}
2017-08-04 21:49:38 main.py DEBUG  
关键词交集为：{'会议'}
2017-08-04 21:49:38 main.py DEBUG  候选关键词为：{'会议'}
2017-08-04 21:49:38 main.py DEBUG  
关键词交集为：{'会议'}
2017-08-04 21:49:38 main.py DEBUG  候选关键词为：{'会议'}
2017-08-04 21:49:38 main.py DEBUG  
关键词交集为：{'会议'}
2017-08-04 21:49:38 main.py DEBUG  候选关键词为：{'会议'}
2017-08-04 21:49:38 main.py DEBUG  
关键词交集为：{'会议'}
2017-08-04 21:49:38 main.py DEBUG  候选关键词为：{'会议'}
2017-08-04 21:49:38 main.py DEBUG  
关键词交集为：{'会议'}
2017-08-04 21:49:38 main.py DEBUG  候选关键词为：{'会议'}
2017-08-04 21:49:38 main.py DEBUG  
关键词交集为：{'会议'}
2017-08-04 21:49:38 main.py DEBUG  候选关键词为：{'会议'}
2017-08-04 21:49:38 main.py DEBUG  
关键词交集为：{'会议'}
2017-08-04 21:49:38 main.py DEBUG  候选关键词为：{'会议'}
2017-08-04 21:49:38 main.py DEBUG  
关键词交集为：{'会议'}
2017-08-04 21:49:38 main.py DEBUG  候选关键词为：{'会议'}
2017-08-04 21:49:38 main.py DEBUG  
关键词交集为：{'会议'}
2017-08-04 21:49:38 main.py DEBUG  候选关键词为：{'会议'}
2017-08-04 21:49:38 main.py DEBUG  
关键词交集为：{'会议'}
2017-08-04 21:49:38 main.py DEBUG  候选关键词为：{'会议'}
2017-08-04 21:49:38 main.py DEBUG  
关键词交集为：set()
2017-08-04 21:49:38 main.py DEBUG  候选关键词为：set()
2017-08-04 21:49:38 main.py DEBUG  
关键词交集为：{'会议'}
2017-08-04 21:49:38 main.py DEBUG  候选关键词为：{'会议'}
2017-08-04 21:49:38 main.py DEBUG  
关键词交集为：{'密码学', '会议'}
2017-08-04 21:49:38 main.py DEBUG  候选关键词为：{'密码学', '会议'}
2017-08-04 21:49:38 main.py DEBUG  
关键词交集为：{'会议'}
2017-08-04 21:49:38 main.py DEBUG  候选关键词为：{'会议'}
2017-08-04 21:49:38 main.py DEBUG  
关键词交集为：{'会议'}
2017-08-04 21:49:38 main.py DEBUG  候选关键词为：{'会议'}
2017-08-04 21:49:38 main.py DEBUG  
关键词交集为：{'会议'}
2017-08-04 21:49:38 main.py DEBUG  候选关键词为：{'会议'}
2017-08-04 21:49:38 main.py DEBUG  
关键词交集为：{'会议'}
2017-08-04 21:49:38 main.py DEBUG  候选关键词为：{'会议'}
2017-08-04 21:49:38 main.py DEBUG  
关键词交集为：{'会议'}
2017-08-04 21:49:38 main.py DEBUG  候选关键词为：{'会议'}
2017-08-04 21:49:38 main.py DEBUG  
关键词交集为：{'会议'}
2017-08-04 21:49:38 main.py DEBUG  候选关键词为：{'会议'}
2017-08-04 21:49:38 main.py DEBUG  
关键词交集为：set()
2017-08-04 21:49:38 main.py DEBUG  候选关键词为：set()
2017-08-04 21:49:38 main.py DEBUG  
关键词交集为：{'人工智能', '会议'}
2017-08-04 21:49:38 main.py DEBUG  候选关键词为：{'人工智能', '会议'}
2017-08-04 21:49:38 main.py DEBUG  
关键词交集为：{'会议'}
2017-08-04 21:49:38 main.py DEBUG  候选关键词为：{'会议'}
2017-08-04 21:49:38 main.py DEBUG  
关键词交集为：{'会议'}
2017-08-04 21:49:38 main.py DEBUG  候选关键词为：{'会议'}
2017-08-04 21:49:38 main.py DEBUG  
关键词交集为：{'会议'}
2017-08-04 21:49:38 main.py DEBUG  候选关键词为：{'会议'}
2017-08-04 21:49:38 main.py DEBUG  
关键词交集为：{'主席', '会议'}
2017-08-04 21:49:38 main.py DEBUG  候选关键词为：{'主席', '会议'}
2017-08-04 21:49:38 main.py DEBUG  
关键词交集为：{'会议'}
2017-08-04 21:49:38 main.py DEBUG  候选关键词为：{'会议'}
2017-08-04 21:49:38 main.py DEBUG  
关键词交集为：{'会议'}
2017-08-04 21:49:38 main.py DEBUG  候选关键词为：{'会议'}
2017-08-04 21:49:38 main.py DEBUG  
关键词交集为：{'会议'}
2017-08-04 21:49:38 main.py DEBUG  候选关键词为：{'会议'}
2017-08-04 21:49:38 main.py DEBUG  
关键词交集为：{'会议'}
2017-08-04 21:49:38 main.py DEBUG  候选关键词为：{'会议'}
2017-08-04 21:49:38 main.py DEBUG  
关键词交集为：{'会议'}
2017-08-04 21:49:38 main.py DEBUG  候选关键词为：{'会议'}
2017-08-04 21:49:38 main.py DEBUG  
关键词交集为：{'会议'}
2017-08-04 21:49:38 main.py DEBUG  候选关键词为：{'会议'}
2017-08-04 21:49:38 main.py DEBUG  
关键词交集为：{'会议'}
2017-08-04 21:49:38 main.py DEBUG  候选关键词为：{'会议'}
2017-08-04 21:49:38 main.py DEBUG  
关键词交集为：{'会议'}
2017-08-04 21:49:38 main.py DEBUG  候选关键词为：{'会议'}
2017-08-04 21:49:38 main.py DEBUG  
关键词交集为：{'会议'}
2017-08-04 21:49:38 main.py DEBUG  候选关键词为：{'会议'}
2017-08-04 21:49:38 main.py DEBUG  
关键词交集为：{'会议'}
2017-08-04 21:49:38 main.py DEBUG  候选关键词为：{'会议'}
2017-08-04 21:49:38 main.py DEBUG  
关键词交集为：{'会议'}
2017-08-04 21:49:38 main.py DEBUG  候选关键词为：{'会议'}
2017-08-04 21:49:38 main.py DEBUG  
关键词交集为：set()
2017-08-04 21:49:38 main.py DEBUG  候选关键词为：set()
2017-08-04 21:49:38 main.py DEBUG  
关键词交集为：{'会议'}
2017-08-04 21:49:38 main.py DEBUG  候选关键词为：{'会议'}
2017-08-04 21:49:38 main.py DEBUG  
关键词交集为：{'会议'}
2017-08-04 21:49:38 main.py DEBUG  候选关键词为：{'会议'}
2017-08-04 21:49:38 main.py DEBUG  
关键词交集为：{'会议'}
2017-08-04 21:49:38 main.py DEBUG  候选关键词为：{'会议'}
2017-08-04 21:49:38 main.py DEBUG  
关键词交集为：set()
2017-08-04 21:49:38 main.py DEBUG  候选关键词为：set()
2017-08-04 21:49:38 main.py DEBUG  
关键词交集为：{'会议'}
2017-08-04 21:49:38 main.py DEBUG  候选关键词为：{'会议'}
2017-08-04 21:49:38 main.py DEBUG  
关键词交集为：set()
2017-08-04 21:49:38 main.py DEBUG  候选关键词为：set()
2017-08-04 21:49:38 main.py DEBUG  
关键词交集为：{'会议'}
2017-08-04 21:49:38 main.py DEBUG  候选关键词为：{'会议'}
2017-08-04 21:49:38 main.py DEBUG  
关键词交集为：{'会议'}
2017-08-04 21:49:38 main.py DEBUG  候选关键词为：{'会议'}
2017-08-04 21:49:38 main.py DEBUG  
关键词交集为：set()
2017-08-04 21:49:38 main.py DEBUG  候选关键词为：set()
2017-08-04 21:49:38 main.py DEBUG  
关键词交集为：{'会议'}
2017-08-04 21:49:38 main.py DEBUG  候选关键词为：{'会议'}
2017-08-04 21:49:38 main.py DEBUG  
关键词交集为：set()
2017-08-04 21:49:38 main.py DEBUG  候选关键词为：set()
2017-08-04 21:49:38 main.py DEBUG  
关键词交集为：{'计算机', '学院', '会议'}
2017-08-04 21:49:38 main.py DEBUG  候选关键词为：{'计算机', '学院', '会议'}
2017-08-04 21:49:38 main.py DEBUG  
关键词交集为：{'会议'}
2017-08-04 21:49:38 main.py DEBUG  候选关键词为：{'会议'}
2017-08-04 21:49:38 main.py DEBUG  
关键词交集为：{'会议'}
2017-08-04 21:49:38 main.py DEBUG  候选关键词为：{'会议'}
2017-08-04 21:49:38 main.py DEBUG  
关键词交集为：{'会议'}
2017-08-04 21:49:38 main.py DEBUG  候选关键词为：{'会议'}
2017-08-04 21:49:38 main.py DEBUG  
关键词交集为：{'会议'}
2017-08-04 21:49:38 main.py DEBUG  候选关键词为：{'会议'}
2017-08-04 21:49:38 main.py DEBUG  
关键词交集为：{'会议'}
2017-08-04 21:49:38 main.py DEBUG  候选关键词为：{'会议'}
2017-08-04 21:49:38 main.py DEBUG  
关键词交集为：{'会议'}
2017-08-04 21:49:38 main.py DEBUG  候选关键词为：{'会议'}
2017-08-04 21:49:38 main.py DEBUG  
关键词交集为：{'会议'}
2017-08-04 21:49:38 main.py DEBUG  候选关键词为：{'会议'}
2017-08-04 21:49:38 main.py DEBUG  
关键词交集为：{'会议'}
2017-08-04 21:49:38 main.py DEBUG  候选关键词为：{'会议'}
2017-08-04 21:49:38 main.py DEBUG  
关键词交集为：{'会议'}
2017-08-04 21:49:38 main.py DEBUG  候选关键词为：{'会议'}
2017-08-04 21:49:38 main.py DEBUG  
关键词交集为：set()
2017-08-04 21:49:38 main.py DEBUG  候选关键词为：set()
2017-08-04 21:49:38 main.py DEBUG  
关键词交集为：set()
2017-08-04 21:49:38 main.py DEBUG  候选关键词为：set()
2017-08-04 21:49:38 main.py DEBUG  
关键词交集为：{'会议'}
2017-08-04 21:49:38 main.py DEBUG  候选关键词为：{'会议'}
2017-08-04 21:49:38 main.py DEBUG  
关键词交集为：{'会议'}
2017-08-04 21:49:38 main.py DEBUG  候选关键词为：{'会议'}
2017-08-04 21:49:38 main.py DEBUG  
关键词交集为：set()
2017-08-04 21:49:38 main.py DEBUG  候选关键词为：set()
2017-08-04 21:49:38 main.py DEBUG  
关键词交集为：set()
2017-08-04 21:49:38 main.py DEBUG  候选关键词为：set()
2017-08-04 21:49:38 main.py DEBUG  
关键词交集为：{'会议'}
2017-08-04 21:49:38 main.py DEBUG  候选关键词为：{'会议'}
2017-08-04 21:49:38 main.py DEBUG  
关键词交集为：set()
2017-08-04 21:49:38 main.py DEBUG  候选关键词为：set()
2017-08-04 21:49:38 main.py DEBUG  
关键词交集为：set()
2017-08-04 21:49:38 main.py DEBUG  候选关键词为：set()
2017-08-04 21:49:38 main.py DEBUG  
关键词交集为：set()
2017-08-04 21:49:38 main.py DEBUG  候选关键词为：set()
2017-08-04 21:49:38 main.py DEBUG  
关键词交集为：set()
2017-08-04 21:49:38 main.py DEBUG  候选关键词为：set()
2017-08-04 21:49:38 main.py DEBUG  
关键词交集为：set()
2017-08-04 21:49:38 main.py DEBUG  候选关键词为：set()
2017-08-04 21:49:38 main.py DEBUG  
关键词交集为：set()
2017-08-04 21:49:38 main.py DEBUG  候选关键词为：set()
2017-08-04 21:49:38 main.py DEBUG  
关键词交集为：set()
2017-08-04 21:49:38 main.py DEBUG  候选关键词为：set()
2017-08-04 21:49:38 main.py DEBUG  
关键词交集为：set()
2017-08-04 21:49:38 main.py DEBUG  候选关键词为：set()
2017-08-04 21:49:38 main.py DEBUG  
关键词交集为：{'会议'}
2017-08-04 21:49:38 main.py DEBUG  候选关键词为：{'会议'}
2017-08-04 21:49:38 main.py DEBUG  
关键词交集为：{'会议'}
2017-08-04 21:49:38 main.py DEBUG  候选关键词为：{'会议'}
2017-08-04 21:49:38 main.py DEBUG  
关键词交集为：{'会议'}
2017-08-04 21:49:38 main.py DEBUG  候选关键词为：{'会议'}
2017-08-04 21:49:38 main.py DEBUG  
关键词交集为：{'信息学', '会议'}
2017-08-04 21:49:38 main.py DEBUG  候选关键词为：{'信息学', '会议'}
2017-08-04 21:49:38 main.py DEBUG  
关键词交集为：{'会议'}
2017-08-04 21:49:38 main.py DEBUG  候选关键词为：{'会议'}
2017-08-04 21:49:38 main.py DEBUG  
关键词交集为：{'会议'}
2017-08-04 21:49:38 main.py DEBUG  候选关键词为：{'会议'}
2017-08-04 21:49:38 main.py DEBUG  
关键词交集为：set()
2017-08-04 21:49:38 main.py DEBUG  候选关键词为：set()
2017-08-04 21:49:38 main.py DEBUG  
关键词交集为：{'会议'}
2017-08-04 21:49:38 main.py DEBUG  候选关键词为：{'会议'}
2017-08-04 21:49:38 main.py DEBUG  
关键词交集为：{'会议'}
2017-08-04 21:49:38 main.py DEBUG  候选关键词为：{'会议'}
2017-08-04 21:49:38 main.py DEBUG  
关键词交集为：{'会议'}
2017-08-04 21:49:38 main.py DEBUG  候选关键词为：{'会议'}
2017-08-04 21:49:38 main.py DEBUG  
关键词交集为：{'会议'}
2017-08-04 21:49:38 main.py DEBUG  候选关键词为：{'会议'}
2017-08-04 21:49:38 main.py DEBUG  
关键词交集为：{'会议'}
2017-08-04 21:49:38 main.py DEBUG  候选关键词为：{'会议'}
2017-08-04 21:49:38 main.py DEBUG  
关键词交集为：set()
2017-08-04 21:49:38 main.py DEBUG  候选关键词为：set()
2017-08-04 21:49:38 main.py DEBUG  
关键词交集为：{'会议'}
2017-08-04 21:49:38 main.py DEBUG  候选关键词为：{'会议'}
2017-08-04 21:49:38 main.py DEBUG  
关键词交集为：{'会议'}
2017-08-04 21:49:38 main.py DEBUG  候选关键词为：{'会议'}
2017-08-04 21:49:38 main.py DEBUG  
关键词交集为：{'会议'}
2017-08-04 21:49:38 main.py DEBUG  候选关键词为：{'会议'}
2017-08-04 21:49:38 main.py DEBUG  
关键词交集为：{'会议'}
2017-08-04 21:49:38 main.py DEBUG  候选关键词为：{'会议'}
2017-08-04 21:49:38 main.py DEBUG  
关键词交集为：{'会议'}
2017-08-04 21:49:38 main.py DEBUG  候选关键词为：{'会议'}
2017-08-04 21:49:38 main.py DEBUG  
关键词交集为：{'会议'}
2017-08-04 21:49:38 main.py DEBUG  候选关键词为：{'会议'}
2017-08-04 21:49:38 main.py DEBUG  
关键词交集为：{'会议'}
2017-08-04 21:49:38 main.py DEBUG  候选关键词为：{'会议'}
2017-08-04 21:49:38 main.py DEBUG  
关键词交集为：set()
2017-08-04 21:49:38 main.py DEBUG  候选关键词为：set()
2017-08-04 21:49:38 main.py DEBUG  
关键词交集为：{'会议'}
2017-08-04 21:49:38 main.py DEBUG  候选关键词为：{'会议'}
2017-08-04 21:49:38 main.py DEBUG  
关键词交集为：{'会议'}
2017-08-04 21:49:38 main.py DEBUG  候选关键词为：{'会议'}
2017-08-04 21:49:38 main.py DEBUG  
关键词交集为：{'数据挖掘', '会议'}
2017-08-04 21:49:38 main.py DEBUG  候选关键词为：{'数据挖掘', '会议'}
2017-08-04 21:49:38 main.py DEBUG  
关键词交集为：set()
2017-08-04 21:49:38 main.py DEBUG  候选关键词为：set()
2017-08-04 21:49:38 main.py DEBUG  
关键词交集为：{'会议'}
2017-08-04 21:49:38 main.py DEBUG  候选关键词为：{'会议'}
2017-08-04 21:49:38 main.py DEBUG  
关键词交集为：set()
2017-08-04 21:49:38 main.py DEBUG  候选关键词为：set()
2017-08-04 21:49:38 main.py DEBUG  
关键词交集为：{'会议'}
2017-08-04 21:49:38 main.py DEBUG  候选关键词为：{'会议'}
2017-08-04 21:49:38 main.py DEBUG  
关键词交集为：{'会议'}
2017-08-04 21:49:38 main.py DEBUG  候选关键词为：{'会议'}
2017-08-04 21:49:38 main.py DEBUG  
关键词交集为：set()
2017-08-04 21:49:38 main.py DEBUG  候选关键词为：set()
2017-08-04 21:49:38 main.py DEBUG  
关键词交集为：{'会议'}
2017-08-04 21:49:38 main.py DEBUG  候选关键词为：{'会议'}
2017-08-04 21:49:38 main.py DEBUG  
关键词交集为：set()
2017-08-04 21:49:38 main.py DEBUG  候选关键词为：set()
2017-08-04 21:49:38 main.py DEBUG  
关键词交集为：{'会议'}
2017-08-04 21:49:38 main.py DEBUG  候选关键词为：{'会议'}
2017-08-04 21:49:38 main.py DEBUG  
关键词交集为：{'会议'}
2017-08-04 21:49:38 main.py DEBUG  候选关键词为：{'会议'}
2017-08-04 21:49:38 main.py DEBUG  
关键词交集为：{'会议'}
2017-08-04 21:49:38 main.py DEBUG  候选关键词为：{'会议'}
2017-08-04 21:49:38 main.py DEBUG  
关键词交集为：{'互联网', '老年人', '论坛', '医疗', '服务'}
2017-08-04 21:49:38 main.py DEBUG  候选关键词为：{'互联网', '老年人', '论坛', '医疗', '服务'}
2017-08-04 21:49:38 main.py DEBUG  
关键词交集为：{'网络', '会议'}
2017-08-04 21:49:38 main.py DEBUG  候选关键词为：{'网络', '会议'}
2017-08-04 21:49:38 main.py DEBUG  
关键词交集为：{'主席', '软件', '计算机科学', '会议'}
2017-08-04 21:49:38 main.py DEBUG  候选关键词为：{'主席', '软件', '计算机科学', '会议'}
2017-08-04 21:49:38 main.py DEBUG  
关键词交集为：{'学术会议', '技术', '保密', '会议'}
2017-08-04 21:49:38 main.py DEBUG  候选关键词为：{'学术会议', '技术', '保密', '会议'}
2017-08-04 21:49:38 main.py DEBUG  
关键词交集为：{'会议'}
2017-08-04 21:49:38 main.py DEBUG  候选关键词为：{'会议'}
2017-08-04 21:49:38 main.py DEBUG  
关键词交集为：{'方法', '翻译', '应用', '会议'}
2017-08-04 21:49:38 main.py DEBUG  候选关键词为：{'方法', '翻译', '应用', '会议'}
2017-08-04 21:49:38 main.py DEBUG  
关键词交集为：{'会议'}
2017-08-04 21:49:38 main.py DEBUG  候选关键词为：{'会议'}
2017-08-04 21:49:38 main.py DEBUG  
关键词交集为：{'会议'}
2017-08-04 21:49:38 main.py DEBUG  候选关键词为：{'会议'}
2017-08-04 21:49:38 main.py DEBUG  
关键词交集为：{'会议'}
2017-08-04 21:49:38 main.py DEBUG  候选关键词为：{'会议'}
2017-08-04 21:49:38 main.py DEBUG  
关键词交集为：{'会议'}
2017-08-04 21:49:38 main.py DEBUG  候选关键词为：{'会议'}
2017-08-04 21:49:38 main.py DEBUG  
关键词交集为：{'委员会', '技术', '智能', '计算', '会议'}
2017-08-04 21:49:38 main.py DEBUG  候选关键词为：{'委员会', '技术', '智能', '计算', '会议'}
2017-08-04 21:49:38 main.py DEBUG  
关键词交集为：{'会议', '征文'}
2017-08-04 21:49:38 main.py DEBUG  候选关键词为：{'会议', '征文'}
2017-08-04 21:49:38 main.py DEBUG  
关键词交集为：{'医疗', '网络', '会议'}
2017-08-04 21:49:38 main.py DEBUG  候选关键词为：{'医疗', '网络', '会议'}
2017-08-04 21:49:38 main.py DEBUG  
关键词交集为：{'计算机网络', '专委会', '计算', '会议'}
2017-08-04 21:49:38 main.py DEBUG  候选关键词为：{'计算机网络', '专委会', '计算', '会议'}
2017-08-04 21:49:38 main.py DEBUG  
关键词交集为：{'模拟', '会议', '暖通', '应用', '空调'}
2017-08-04 21:49:38 main.py DEBUG  候选关键词为：{'模拟', '会议', '暖通', '应用', '空调'}
2017-08-04 21:49:38 main.py DEBUG  
关键词交集为：{'会议', '物联网', '委员会', '学会', '应用', '技术', '协同'}
2017-08-04 21:49:38 main.py DEBUG  候选关键词为：{'会议', '物联网', '委员会', '应用', '技术', '学会', '协同'}
2017-08-04 21:49:38 main.py DEBUG  
关键词交集为：{'基因组', '信息学', '生物', '会议'}
2017-08-04 21:49:38 main.py DEBUG  候选关键词为：{'基因组', '信息学', '生物', '会议'}
2017-08-04 21:49:38 main.py DEBUG  
关键词交集为：{'会议'}
2017-08-04 21:49:38 main.py DEBUG  候选关键词为：{'会议'}
2017-08-04 21:49:38 main.py DEBUG  
关键词交集为：{'会议'}
2017-08-04 21:49:38 main.py DEBUG  候选关键词为：{'会议'}
2017-08-04 21:49:38 main.py DEBUG  
关键词交集为：{'娱乐', '数字', '艺术', '会议'}
2017-08-04 21:49:38 main.py DEBUG  候选关键词为：{'娱乐', '数字', '艺术', '会议'}
2017-08-04 21:49:38 main.py DEBUG  
关键词交集为：{'会议'}
2017-08-04 21:49:38 main.py DEBUG  候选关键词为：{'会议'}
2017-08-04 21:49:38 main.py DEBUG  
关键词交集为：{'会议'}
2017-08-04 21:49:38 main.py DEBUG  候选关键词为：{'会议'}
2017-08-04 21:49:38 main.py DEBUG  
关键词交集为：{'会议'}
2017-08-04 21:49:38 main.py DEBUG  候选关键词为：{'会议'}
2017-08-04 21:49:38 main.py DEBUG  
关键词交集为：{'会议'}
2017-08-04 21:49:38 main.py DEBUG  候选关键词为：{'会议'}
2017-08-04 21:49:38 main.py DEBUG  
关键词交集为：{'会议'}
2017-08-04 21:49:38 main.py DEBUG  候选关键词为：{'会议'}
2017-08-04 21:49:38 main.py DEBUG  
关键词交集为：{'会议'}
2017-08-04 21:49:38 main.py DEBUG  候选关键词为：{'会议'}
2017-08-04 21:49:38 main.py DEBUG  
关键词交集为：{'会议'}
2017-08-04 21:49:38 main.py DEBUG  候选关键词为：{'会议'}
2017-08-04 21:49:38 main.py DEBUG  
关键词交集为：{'会议'}
2017-08-04 21:49:38 main.py DEBUG  候选关键词为：{'会议'}
2017-08-04 21:49:38 main.py DEBUG  
关键词交集为：{'兵器', '征文', '会议', '武器', '航空', '作战', '技术'}
2017-08-04 21:49:38 main.py DEBUG  候选关键词为：{'会议', '航空', '征文', '作战', '兵器', '武器', '技术'}
2017-08-04 21:49:38 main.py DEBUG  
关键词交集为：{'会议', '发展', '运营', '场站', '公交', '建设'}
2017-08-04 21:49:38 main.py DEBUG  候选关键词为：{'场站', '公交', '会议', '建设', '发展', '运营'}
2017-08-04 21:49:38 main.py DEBUG  
关键词交集为：{'会议'}
2017-08-04 21:49:38 main.py DEBUG  候选关键词为：{'会议'}
2017-08-04 21:49:38 main.py DEBUG  
关键词交集为：{'会议'}
2017-08-04 21:49:38 main.py DEBUG  候选关键词为：{'会议'}
2017-08-04 21:49:38 main.py DEBUG  
关键词交集为：{'信息内容', '密码', '会议'}
2017-08-04 21:49:38 main.py DEBUG  候选关键词为：{'信息内容', '密码', '会议'}
2017-08-04 21:49:38 main.py DEBUG  
关键词交集为：{'会议'}
2017-08-04 21:49:38 main.py DEBUG  候选关键词为：{'会议'}
2017-08-04 21:49:38 main.py DEBUG  
关键词交集为：{'投稿', '保密', '密码', '学会', '会议'}
2017-08-04 21:49:38 main.py DEBUG  候选关键词为：{'投稿', '保密', '密码', '学会', '会议'}
2017-08-04 21:49:38 main.py DEBUG  
关键词交集为：{'合作', '会议', '科技', '研讨会', '城市', '香港'}
2017-08-04 21:49:38 main.py DEBUG  候选关键词为：{'研讨会', '合作', '会议', '城市', '科技', '香港'}
2017-08-04 21:49:38 main.py DEBUG  
关键词交集为：{'大学', '数据管理', '数据库系统', '数据库', '会议'}
2017-08-04 21:49:38 main.py DEBUG  候选关键词为：{'大学', '数据管理', '数据库系统', '数据库', '会议'}
2017-08-04 21:49:38 main.py DEBUG  
关键词交集为：{'大会', '社会', '媒体', '处理', '会议'}
2017-08-04 21:49:38 main.py DEBUG  候选关键词为：{'大会', '社会', '媒体', '处理', '会议'}
2017-08-04 21:49:38 main.py DEBUG  
关键词交集为：{'会士', '计算机', '计算机领域', '大会', '会议'}
2017-08-04 21:49:38 main.py DEBUG  候选关键词为：{'会士', '计算机', '计算机领域', '大会', '会议'}
2017-08-04 21:49:38 main.py DEBUG  
关键词交集为：{'会议'}
2017-08-04 21:49:38 main.py DEBUG  候选关键词为：{'会议'}
2017-08-04 21:49:38 main.py DEBUG  
关键词交集为：{'会议', '工程', '领域', '调控', '智能', '神经'}
2017-08-04 21:49:38 main.py DEBUG  候选关键词为：{'智能', '会议', '工程', '神经', '领域', '调控'}
2017-08-04 21:49:38 main.py DEBUG  
关键词交集为：set()
2017-08-04 21:49:38 main.py DEBUG  候选关键词为：set()
2017-08-04 21:49:38 main.py DEBUG  
关键词交集为：{'会议'}
2017-08-04 21:49:38 main.py DEBUG  候选关键词为：{'会议'}
2017-08-04 21:49:38 main.py DEBUG  
关键词交集为：set()
2017-08-04 21:49:38 main.py DEBUG  候选关键词为：set()
2017-08-04 21:49:38 main.py DEBUG  
关键词交集为：{'可视化', '虚拟现实', '技术', '会议'}
2017-08-04 21:49:38 main.py DEBUG  候选关键词为：{'可视化', '虚拟现实', '技术', '会议'}
2017-08-04 21:49:38 main.py DEBUG  
关键词交集为：{'基因组', '信息学', '生物', '会议'}
2017-08-04 21:49:38 main.py DEBUG  候选关键词为：{'基因组', '信息学', '生物', '会议'}
2017-08-04 21:49:38 main.py DEBUG  
关键词交集为：{'会议'}
2017-08-04 21:49:38 main.py DEBUG  候选关键词为：{'会议'}
2017-08-04 21:49:38 main.py DEBUG  
关键词交集为：{'会议'}
2017-08-04 21:49:38 main.py DEBUG  候选关键词为：{'会议'}
2017-08-04 21:49:38 main.py DEBUG  
关键词交集为：{'会议'}
2017-08-04 21:49:38 main.py DEBUG  候选关键词为：{'会议'}
2017-08-04 21:49:38 main.py DEBUG  
关键词交集为：set()
2017-08-04 21:49:38 main.py DEBUG  候选关键词为：set()
2017-08-04 21:49:38 main.py DEBUG  
关键词交集为：set()
2017-08-04 21:49:38 main.py DEBUG  候选关键词为：set()
2017-08-04 21:49:38 main.py DEBUG  
关键词交集为：{'投稿', '计算机科学', '会议', '理论'}
2017-08-04 21:49:38 main.py DEBUG  候选关键词为：{'投稿', '计算机科学', '会议', '理论'}
2017-08-04 21:49:38 main.py DEBUG  
关键词交集为：{'会议'}
2017-08-04 21:49:38 main.py DEBUG  候选关键词为：{'会议'}
2017-08-04 21:49:38 main.py DEBUG  
关键词交集为：{'会议'}
2017-08-04 21:49:38 main.py DEBUG  候选关键词为：{'会议'}
2017-08-04 21:49:38 main.py DEBUG  
关键词交集为：set()
2017-08-04 21:49:38 main.py DEBUG  候选关键词为：set()
2017-08-04 21:49:38 main.py DEBUG  
关键词交集为：set()
2017-08-04 21:49:38 main.py DEBUG  候选关键词为：set()
2017-08-04 21:49:38 main.py DEBUG  
关键词交集为：{'会议'}
2017-08-04 21:49:38 main.py DEBUG  候选关键词为：{'会议'}
2017-08-04 21:49:38 main.py DEBUG  
关键词交集为：{'会议'}
2017-08-04 21:49:38 main.py DEBUG  候选关键词为：{'会议'}
2017-08-04 21:49:38 main.py DEBUG  
关键词交集为：{'会议'}
2017-08-04 21:49:38 main.py DEBUG  候选关键词为：{'会议'}
2017-08-04 21:49:38 main.py DEBUG  
关键词交集为：{'会议'}
2017-08-04 21:49:38 main.py DEBUG  候选关键词为：{'会议'}
2017-08-04 21:49:38 main.py DEBUG  
关键词交集为：{'会议'}
2017-08-04 21:49:38 main.py DEBUG  候选关键词为：{'会议'}
2017-08-04 21:49:38 main.py DEBUG  
关键词交集为：{'智能', '会议'}
2017-08-04 21:49:38 main.py DEBUG  候选关键词为：{'智能', '会议'}
2017-08-04 21:49:38 main.py DEBUG  
关键词交集为：{'会议'}
2017-08-04 21:49:38 main.py DEBUG  候选关键词为：{'会议'}
2017-08-04 21:49:38 main.py DEBUG  
关键词交集为：{'会议'}
2017-08-04 21:49:38 main.py DEBUG  候选关键词为：{'会议'}
2017-08-04 21:49:38 main.py DEBUG  
关键词交集为：{'电子服务', '会议'}
2017-08-04 21:49:38 main.py DEBUG  候选关键词为：{'电子服务', '会议'}
2017-08-04 21:49:38 main.py DEBUG  
关键词交集为：{'会议'}
2017-08-04 21:49:38 main.py DEBUG  候选关键词为：{'会议'}
2017-08-04 21:49:38 main.py DEBUG  
关键词交集为：{'会议'}
2017-08-04 21:49:38 main.py DEBUG  候选关键词为：{'会议'}
2017-08-04 21:49:38 main.py DEBUG  
关键词交集为：{'会议'}
2017-08-04 21:49:38 main.py DEBUG  候选关键词为：{'会议'}
2017-08-04 21:49:38 main.py DEBUG  
关键词交集为：{'会议'}
2017-08-04 21:49:38 main.py DEBUG  候选关键词为：{'会议'}
2017-08-04 21:49:38 main.py DEBUG  
关键词交集为：set()
2017-08-04 21:49:38 main.py DEBUG  候选关键词为：set()
2017-08-04 21:49:38 main.py DEBUG  
关键词交集为：{'会议'}
2017-08-04 21:49:38 main.py DEBUG  候选关键词为：{'会议'}
2017-08-04 21:49:38 main.py DEBUG  
关键词交集为：set()
2017-08-04 21:49:38 main.py DEBUG  候选关键词为：set()
2017-08-04 21:49:38 main.py DEBUG  
关键词交集为：{'会议'}
2017-08-04 21:49:38 main.py DEBUG  候选关键词为：{'会议'}
2017-08-04 21:49:38 main.py DEBUG  
关键词交集为：{'会议'}
2017-08-04 21:49:38 main.py DEBUG  候选关键词为：{'会议'}
2017-08-04 21:49:38 main.py DEBUG  
关键词交集为：set()
2017-08-04 21:49:38 main.py DEBUG  候选关键词为：set()
2017-08-04 21:49:38 main.py DEBUG  
关键词交集为：{'中间件', '会议'}
2017-08-04 21:49:38 main.py DEBUG  候选关键词为：{'中间件', '会议'}
2017-08-04 21:49:38 main.py DEBUG  
关键词交集为：{'会议'}
2017-08-04 21:49:38 main.py DEBUG  候选关键词为：{'会议'}
2017-08-04 21:49:38 main.py DEBUG  
关键词交集为：set()
2017-08-04 21:49:38 main.py DEBUG  候选关键词为：set()
2017-08-04 21:49:38 main.py DEBUG  
关键词交集为：{'会议'}
2017-08-04 21:49:38 main.py DEBUG  候选关键词为：{'会议'}
2017-08-04 21:49:38 main.py DEBUG  
关键词交集为：{'会议'}
2017-08-04 21:49:38 main.py DEBUG  候选关键词为：{'会议'}
2017-08-04 21:49:38 main.py DEBUG  
关键词交集为：{'会议'}
2017-08-04 21:49:38 main.py DEBUG  候选关键词为：{'会议'}
2017-08-04 21:49:38 main.py DEBUG  
关键词交集为：set()
2017-08-04 21:49:38 main.py DEBUG  候选关键词为：set()
2017-08-04 21:49:38 main.py DEBUG  
关键词交集为：{'会议'}
2017-08-04 21:49:38 main.py DEBUG  候选关键词为：{'会议'}
2017-08-04 21:49:38 main.py DEBUG  
关键词交集为：{'会议'}
2017-08-04 21:49:38 main.py DEBUG  候选关键词为：{'会议'}
2017-08-04 21:49:38 main.py DEBUG  
关键词交集为：{'会议'}
2017-08-04 21:49:38 main.py DEBUG  候选关键词为：{'会议'}
2017-08-04 21:49:38 main.py DEBUG  
关键词交集为：{'会议'}
2017-08-04 21:49:38 main.py DEBUG  候选关键词为：{'会议'}
2017-08-04 21:49:38 main.py DEBUG  
关键词交集为：{'会议'}
2017-08-04 21:49:38 main.py DEBUG  候选关键词为：{'会议'}
2017-08-04 21:49:38 main.py DEBUG  
关键词交集为：{'会议'}
2017-08-04 21:49:38 main.py DEBUG  候选关键词为：{'会议'}
2017-08-04 21:49:38 main.py DEBUG  
关键词交集为：{'会议'}
2017-08-04 21:49:38 main.py DEBUG  候选关键词为：{'会议'}
2017-08-04 21:49:38 main.py DEBUG  
关键词交集为：{'会议'}
2017-08-04 21:49:38 main.py DEBUG  候选关键词为：{'会议'}
2017-08-04 21:49:38 main.py DEBUG  
关键词交集为：{'会议'}
2017-08-04 21:49:38 main.py DEBUG  候选关键词为：{'会议'}
2017-08-04 21:49:38 main.py DEBUG  
关键词交集为：{'会议'}
2017-08-04 21:49:38 main.py DEBUG  候选关键词为：{'会议'}
2017-08-04 21:49:38 main.py DEBUG  
关键词交集为：{'会议'}
2017-08-04 21:49:38 main.py DEBUG  候选关键词为：{'会议'}
2017-08-04 21:49:38 main.py DEBUG  
关键词交集为：{'会议'}
2017-08-04 21:49:38 main.py DEBUG  候选关键词为：{'会议'}
2017-08-04 21:49:38 main.py DEBUG  
关键词交集为：set()
2017-08-04 21:49:38 main.py DEBUG  候选关键词为：set()
2017-08-04 21:49:38 main.py DEBUG  
关键词交集为：{'会议'}
2017-08-04 21:49:38 main.py DEBUG  候选关键词为：{'会议'}
2017-08-04 21:49:38 main.py DEBUG  
关键词交集为：{'会议'}
2017-08-04 21:49:38 main.py DEBUG  候选关键词为：{'会议'}
2017-08-04 21:49:38 main.py DEBUG  
关键词交集为：{'会议'}
2017-08-04 21:49:38 main.py DEBUG  候选关键词为：{'会议'}
2017-08-04 21:49:38 main.py DEBUG  
关键词交集为：{'会议'}
2017-08-04 21:49:38 main.py DEBUG  候选关键词为：{'会议'}
2017-08-04 21:49:38 main.py DEBUG  
关键词交集为：{'会议'}
2017-08-04 21:49:38 main.py DEBUG  候选关键词为：{'会议'}
2017-08-04 21:49:38 main.py DEBUG  
关键词交集为：set()
2017-08-04 21:49:38 main.py DEBUG  候选关键词为：set()
2017-08-04 21:49:38 main.py DEBUG  
关键词交集为：{'会议'}
2017-08-04 21:49:38 main.py DEBUG  候选关键词为：{'会议'}
2017-08-04 21:49:38 main.py DEBUG  
关键词交集为：{'会议'}
2017-08-04 21:49:38 main.py DEBUG  候选关键词为：{'会议'}
2017-08-04 21:49:38 main.py DEBUG  exception:	not all arguments converted during string formatting

2017-08-04 21:49:38 main.py DEBUG  
关键词交集为：{'会议'}
2017-08-04 21:49:38 main.py DEBUG  候选关键词为：{'会议'}
2017-08-04 21:49:38 main.py DEBUG  
关键词交集为：{'会议'}
2017-08-04 21:49:38 main.py DEBUG  候选关键词为：{'会议'}
2017-08-04 21:49:38 main.py DEBUG  
关键词交集为：{'会议'}
2017-08-04 21:49:38 main.py DEBUG  候选关键词为：{'会议'}
2017-08-04 21:49:38 main.py DEBUG  
关键词交集为：{'会议'}
2017-08-04 21:49:38 main.py DEBUG  候选关键词为：{'会议'}
2017-08-04 21:49:38 main.py DEBUG  
关键词交集为：set()
2017-08-04 21:49:38 main.py DEBUG  候选关键词为：set()
2017-08-04 21:49:38 main.py DEBUG  
关键词交集为：{'会议'}
2017-08-04 21:49:38 main.py DEBUG  候选关键词为：{'会议'}
2017-08-04 21:49:38 main.py DEBUG  
关键词交集为：{'会议'}
2017-08-04 21:49:38 main.py DEBUG  候选关键词为：{'会议'}
2017-08-04 21:49:38 main.py DEBUG  
关键词交集为：{'会议'}
2017-08-04 21:49:38 main.py DEBUG  候选关键词为：{'会议'}
2017-08-04 21:49:38 main.py DEBUG  
关键词交集为：{'会议'}
2017-08-04 21:49:38 main.py DEBUG  候选关键词为：{'会议'}
2017-08-04 21:49:38 main.py DEBUG  
关键词交集为：{'艺术', '数字', '娱乐', '会议'}
2017-08-04 21:49:38 main.py DEBUG  候选关键词为：{'艺术', '数字', '娱乐', '会议'}
2017-08-04 21:49:38 main.py DEBUG  
关键词交集为：{'会议'}
2017-08-04 21:49:38 main.py DEBUG  候选关键词为：{'会议'}
2017-08-04 21:49:38 main.py DEBUG  
关键词交集为：{'中国', '北京', '会议', '发展', '应用', '数据', '产业'}
2017-08-04 21:49:38 main.py DEBUG  候选关键词为：{'中国', '北京', '会议', '发展', '应用', '数据', '产业'}
2017-08-04 21:49:38 main.py DEBUG  
关键词交集为：{'人类', '会议', '挖掘', '传播', '传播学', '计算', '新闻'}
2017-08-04 21:49:38 main.py DEBUG  候选关键词为：{'人类', '传播', '传播学', '计算', '会议', '新闻', '挖掘'}
2017-08-04 21:49:38 main.py DEBUG  
关键词交集为：{'计算机', '优秀论文', '网络', '会议'}
2017-08-04 21:49:38 main.py DEBUG  候选关键词为：{'计算机', '优秀论文', '网络', '会议'}
2017-08-04 21:49:38 main.py DEBUG  
关键词交集为：set()
2017-08-04 21:49:38 main.py DEBUG  候选关键词为：set()
2017-08-04 21:49:38 main.py DEBUG  
关键词交集为：{'会议'}
2017-08-04 21:49:38 main.py DEBUG  候选关键词为：{'会议'}
2017-08-04 21:49:38 main.py DEBUG  
关键词交集为：{'会议'}
2017-08-04 21:49:38 main.py DEBUG  候选关键词为：{'会议'}
2017-08-04 21:49:38 main.py DEBUG  
关键词交集为：{'会议'}
2017-08-04 21:49:38 main.py DEBUG  候选关键词为：{'会议'}
2017-08-04 21:49:38 main.py DEBUG  
关键词交集为：{'会议'}
2017-08-04 21:49:38 main.py DEBUG  候选关键词为：{'会议'}
2017-08-04 21:49:38 main.py DEBUG  
关键词交集为：{'会议'}
2017-08-04 21:49:38 main.py DEBUG  候选关键词为：{'会议'}
2017-08-04 21:49:38 main.py DEBUG  
关键词交集为：{'会议'}
2017-08-04 21:49:38 main.py DEBUG  候选关键词为：{'会议'}
2017-08-04 21:49:38 main.py DEBUG  
关键词交集为：{'会议'}
2017-08-04 21:49:38 main.py DEBUG  候选关键词为：{'会议'}
2017-08-04 21:49:38 main.py DEBUG  
关键词交集为：{'图形学', '会议'}
2017-08-04 21:49:38 main.py DEBUG  候选关键词为：{'图形学', '会议'}
2017-08-04 21:49:38 main.py DEBUG  
关键词交集为：{'计算机', '数学', '学术会议', '会议'}
2017-08-04 21:49:38 main.py DEBUG  候选关键词为：{'计算机', '数学', '学术会议', '会议'}
2017-08-04 21:49:38 main.py DEBUG  
关键词交集为：{'光学', '会议'}
2017-08-04 21:49:38 main.py DEBUG  候选关键词为：{'光学', '会议'}
2017-08-04 21:49:38 main.py DEBUG  
关键词交集为：{'研究', '会议', '信息', '存储技术', '存储系统', '技术'}
2017-08-04 21:49:38 main.py DEBUG  候选关键词为：{'存储系统', '研究', '会议', '信息', '存储技术', '技术'}
2017-08-04 21:49:38 main.py DEBUG  
关键词交集为：set()
2017-08-04 21:49:38 main.py DEBUG  候选关键词为：set()
2017-08-04 21:49:38 main.py DEBUG  
关键词交集为：{'会议'}
2017-08-04 21:49:38 main.py DEBUG  候选关键词为：{'会议'}
2017-08-04 21:49:38 main.py DEBUG  
关键词交集为：{'学术会议', '会议', '征文', '图学', '应用', '技术'}
2017-08-04 21:49:38 main.py DEBUG  候选关键词为：{'图学', '学术会议', '征文', '会议', '应用', '技术'}
2017-08-04 21:49:38 main.py DEBUG  
关键词交集为：{'文本', '计算', '语言学', '处理', '会议'}
2017-08-04 21:49:38 main.py DEBUG  候选关键词为：{'文本', '计算', '语言学', '处理', '会议'}
2017-08-04 21:49:38 main.py DEBUG  
关键词交集为：{'视频', '会议'}
2017-08-04 21:49:38 main.py DEBUG  候选关键词为：{'视频', '会议'}
2017-08-04 21:49:38 main.py DEBUG  
关键词交集为：{'教育', '校园网', '校园', '网络', '应用', '技术'}
2017-08-04 21:49:38 main.py DEBUG  候选关键词为：{'教育', '校园网', '应用', '技术', '校园', '网络'}
2017-08-04 21:49:38 main.py DEBUG  
关键词交集为：{'会议'}
2017-08-04 21:49:38 main.py DEBUG  候选关键词为：{'会议'}
2017-08-04 21:49:38 main.py DEBUG  
关键词交集为：{'会议'}
2017-08-04 21:49:38 main.py DEBUG  候选关键词为：{'会议'}
2017-08-04 21:49:38 main.py DEBUG  
关键词交集为：{'网络空间', '江苏省', '会议'}
2017-08-04 21:49:38 main.py DEBUG  候选关键词为：{'网络空间', '江苏省', '会议'}
2017-08-04 21:49:38 main.py DEBUG  
关键词交集为：{'信息', '旅游', '遗产地', '会议'}
2017-08-04 21:49:38 main.py DEBUG  候选关键词为：{'信息', '旅游', '遗产地', '会议'}
2017-08-04 21:49:38 main.py DEBUG  
关键词交集为：{'会议'}
2017-08-04 21:49:38 main.py DEBUG  候选关键词为：{'会议'}
2017-08-04 21:49:38 main.py DEBUG  
关键词交集为：{'会议'}
2017-08-04 21:49:38 main.py DEBUG  候选关键词为：{'会议'}
2017-08-04 21:49:38 main.py DEBUG  
关键词交集为：{'变革', '信息系统', '数据', '会议'}
2017-08-04 21:49:38 main.py DEBUG  候选关键词为：{'变革', '信息系统', '数据', '会议'}
2017-08-04 21:49:38 main.py DEBUG  
关键词交集为：{'会议'}
2017-08-04 21:49:38 main.py DEBUG  候选关键词为：{'会议'}
2017-08-04 21:49:38 main.py DEBUG  
关键词交集为：{'会议'}
2017-08-04 21:49:38 main.py DEBUG  候选关键词为：{'会议'}
2017-08-04 21:49:38 main.py DEBUG  
关键词交集为：{'研讨会', '学生', '展示', '会议'}
2017-08-04 21:49:38 main.py DEBUG  候选关键词为：{'研讨会', '学生', '展示', '会议'}
2017-08-04 21:49:38 main.py DEBUG  
关键词交集为：{'会议'}
2017-08-04 21:49:38 main.py DEBUG  候选关键词为：{'会议'}
2017-08-04 21:49:38 main.py DEBUG  
关键词交集为：{'会议'}
2017-08-04 21:49:38 main.py DEBUG  候选关键词为：{'会议'}
2017-08-04 21:49:38 main.py DEBUG  
关键词交集为：{'会议'}
2017-08-04 21:49:38 main.py DEBUG  候选关键词为：{'会议'}
2017-08-04 21:49:38 main.py DEBUG  
关键词交集为：{'会议'}
2017-08-04 21:49:38 main.py DEBUG  候选关键词为：{'会议'}
2017-08-04 21:49:38 main.py DEBUG  
关键词交集为：{'会议'}
2017-08-04 21:49:38 main.py DEBUG  候选关键词为：{'会议'}
2017-08-04 21:49:38 main.py DEBUG  
关键词交集为：set()
2017-08-04 21:49:38 main.py DEBUG  候选关键词为：set()
2017-08-04 21:49:38 main.py DEBUG  
关键词交集为：{'会议'}
2017-08-04 21:49:38 main.py DEBUG  候选关键词为：{'会议'}
2017-08-04 21:49:38 main.py DEBUG  
关键词交集为：{'会议'}
2017-08-04 21:49:38 main.py DEBUG  候选关键词为：{'会议'}
2017-08-04 21:49:38 main.py DEBUG  
关键词交集为：{'会议'}
2017-08-04 21:49:38 main.py DEBUG  候选关键词为：{'会议'}
2017-08-04 21:49:38 main.py DEBUG  
关键词交集为：set()
2017-08-04 21:49:38 main.py DEBUG  候选关键词为：set()
2017-08-04 21:49:38 main.py DEBUG  
关键词交集为：{'会议'}
2017-08-04 21:49:38 main.py DEBUG  候选关键词为：{'会议'}
2017-08-04 21:49:38 main.py DEBUG  
关键词交集为：{'会议'}
2017-08-04 21:49:38 main.py DEBUG  候选关键词为：{'会议'}
2017-08-04 21:49:38 main.py DEBUG  
关键词交集为：{'会议'}
2017-08-04 21:49:38 main.py DEBUG  候选关键词为：{'会议'}
2017-08-04 21:49:38 main.py DEBUG  
关键词交集为：{'会议'}
2017-08-04 21:49:38 main.py DEBUG  候选关键词为：{'会议'}
2017-08-04 21:49:38 main.py DEBUG  
关键词交集为：{'日本', '图学', '学会', '会议'}
2017-08-04 21:49:38 main.py DEBUG  候选关键词为：{'日本', '图学', '学会', '会议'}
2017-08-04 21:49:38 main.py DEBUG  
关键词交集为：{'会议'}
2017-08-04 21:49:38 main.py DEBUG  候选关键词为：{'会议'}
2017-08-04 21:49:38 main.py DEBUG  
关键词交集为：{'会议'}
2017-08-04 21:49:38 main.py DEBUG  候选关键词为：{'会议'}
2017-08-04 21:49:38 main.py DEBUG  
关键词交集为：{'会议'}
2017-08-04 21:49:38 main.py DEBUG  候选关键词为：{'会议'}
2017-08-04 21:49:38 main.py DEBUG  
关键词交集为：{'会议'}
2017-08-04 21:49:38 main.py DEBUG  候选关键词为：{'会议'}
2017-08-04 21:49:38 main.py DEBUG  
关键词交集为：{'会议'}
2017-08-04 21:49:38 main.py DEBUG  候选关键词为：{'会议'}
2017-08-04 21:49:38 main.py DEBUG  
关键词交集为：{'会议'}
2017-08-04 21:49:38 main.py DEBUG  候选关键词为：{'会议'}
2017-08-04 21:49:38 main.py DEBUG  
关键词交集为：set()
2017-08-04 21:49:38 main.py DEBUG  
关键词交集为：set()
2017-08-04 21:49:38 main.py DEBUG  
关键词交集为：set()
2017-08-04 21:49:38 main.py DEBUG  
关键词交集为：set()
2017-08-04 21:49:38 main.py DEBUG  
关键词交集为：set()
2017-08-04 21:49:38 main.py DEBUG  
关键词交集为：set()
2017-08-04 21:49:38 main.py DEBUG  
关键词交集为：set()
2017-08-04 21:49:38 main.py DEBUG  
关键词交集为：set()
2017-08-04 21:49:38 main.py DEBUG  
关键词交集为：set()
2017-08-04 21:49:38 main.py DEBUG  
关键词交集为：set()
2017-08-04 21:49:38 main.py DEBUG  
关键词交集为：set()
2017-08-04 21:49:38 main.py DEBUG  
关键词交集为：set()
2017-08-04 21:49:38 main.py DEBUG  
关键词交集为：set()
2017-08-04 21:49:38 main.py DEBUG  
关键词交集为：set()
2017-08-04 21:49:38 main.py DEBUG  
关键词交集为：set()
2017-08-04 21:49:38 main.py DEBUG  
关键词交集为：set()
2017-08-04 21:49:38 main.py DEBUG  
关键词交集为：set()
2017-08-04 21:49:38 main.py DEBUG  
关键词交集为：set()
2017-08-04 21:49:38 main.py DEBUG  
关键词交集为：set()
2017-08-04 21:49:38 main.py DEBUG  
关键词交集为：set()
2017-08-04 21:49:38 main.py DEBUG  
关键词交集为：set()
2017-08-04 21:49:38 main.py DEBUG  
关键词交集为：set()
2017-08-04 21:49:38 main.py DEBUG  
关键词交集为：set()
2017-08-04 21:49:38 main.py DEBUG  
关键词交集为：set()
2017-08-04 21:49:38 main.py DEBUG  
关键词交集为：set()
2017-08-04 21:49:38 main.py DEBUG  
关键词交集为：set()
2017-08-04 21:49:38 main.py DEBUG  
关键词交集为：set()
2017-08-04 21:49:38 main.py DEBUG  
关键词交集为：set()
2017-08-04 21:49:38 main.py DEBUG  
关键词交集为：set()
2017-08-04 21:49:38 main.py DEBUG  
关键词交集为：set()
2017-08-04 21:49:38 main.py DEBUG  
关键词交集为：set()
2017-08-04 21:49:38 main.py DEBUG  
关键词交集为：set()
2017-08-04 21:49:38 main.py DEBUG  
关键词交集为：set()
2017-08-04 21:49:38 main.py DEBUG  
关键词交集为：set()
2017-08-04 21:49:38 main.py DEBUG  
关键词交集为：set()
2017-08-04 21:49:38 main.py DEBUG  
关键词交集为：set()
2017-08-04 21:49:38 main.py DEBUG  
关键词交集为：set()
2017-08-04 21:49:38 main.py DEBUG  
关键词交集为：{'语义', '图谱', '知识', '大会'}
2017-08-04 21:49:38 main.py DEBUG  
关键词交集为：set()
2017-08-04 21:49:38 main.py DEBUG  
关键词交集为：set()
2017-08-04 21:49:38 main.py DEBUG  
关键词交集为：set()
2017-08-04 21:49:38 main.py DEBUG  
关键词交集为：set()
2017-08-04 21:49:38 main.py DEBUG  
关键词交集为：{'热处理', '表面工程', '大会', '领域', '国际'}
2017-08-04 21:49:38 main.py DEBUG  
关键词交集为：set()
2017-08-04 21:49:38 main.py DEBUG  
关键词交集为：set()
2017-08-04 21:49:38 main.py DEBUG  
关键词交集为：set()
2017-08-04 21:49:38 main.py DEBUG  
关键词交集为：set()
2017-08-04 21:49:38 main.py DEBUG  
关键词交集为：set()
2017-08-04 21:49:38 main.py DEBUG  
关键词交集为：set()
2017-08-04 21:49:38 main.py DEBUG  
关键词交集为：set()
2017-08-04 21:49:38 main.py DEBUG  
关键词交集为：set()
2017-08-04 21:49:38 main.py DEBUG  
关键词交集为：set()
2017-08-04 21:49:38 main.py DEBUG  
关键词交集为：set()
2017-08-04 21:49:38 main.py DEBUG  
关键词交集为：set()
2017-08-04 21:49:38 main.py DEBUG  
关键词交集为：set()
2017-08-04 21:49:38 main.py DEBUG  
关键词交集为：set()
2017-08-04 21:49:38 main.py DEBUG  
关键词交集为：set()
2017-08-04 21:49:38 main.py DEBUG  
关键词交集为：set()
2017-08-04 21:49:38 main.py DEBUG  
关键词交集为：set()
2017-08-04 21:49:38 main.py DEBUG  
关键词交集为：set()
2017-08-04 21:49:38 main.py DEBUG  
关键词交集为：set()
2017-08-04 21:49:38 main.py DEBUG  
关键词交集为：set()
2017-08-04 21:49:38 main.py DEBUG  
关键词交集为：set()
2017-08-04 21:49:38 main.py DEBUG  
关键词交集为：set()
2017-08-04 21:49:38 main.py DEBUG  
关键词交集为：set()
2017-08-04 21:49:38 main.py DEBUG  
关键词交集为：set()
2017-08-04 21:49:38 main.py DEBUG  
关键词交集为：set()
2017-08-04 21:49:38 main.py DEBUG  
关键词交集为：set()
2017-08-04 21:49:38 main.py DEBUG  
关键词交集为：set()
2017-08-04 21:49:38 main.py DEBUG  
关键词交集为：set()
2017-08-04 21:49:38 main.py DEBUG  
关键词交集为：set()
2017-08-04 21:49:38 main.py DEBUG  
关键词交集为：set()
2017-08-04 21:49:38 main.py DEBUG  
关键词交集为：set()
2017-08-04 21:49:38 main.py DEBUG  
关键词交集为：set()
2017-08-04 21:49:38 main.py DEBUG  
关键词交集为：set()
2017-08-04 21:49:38 main.py DEBUG  
关键词交集为：set()
2017-08-04 21:49:38 main.py DEBUG  
关键词交集为：set()
2017-08-04 21:49:38 main.py DEBUG  
关键词交集为：set()
2017-08-04 21:49:38 main.py DEBUG  
关键词交集为：set()
2017-08-04 21:49:38 main.py DEBUG  
关键词交集为：set()
2017-08-04 21:49:38 main.py DEBUG  
关键词交集为：set()
2017-08-04 21:49:38 main.py DEBUG  
关键词交集为：set()
2017-08-04 21:49:38 main.py DEBUG  
关键词交集为：{'表面工程'}
2017-08-04 21:49:38 main.py DEBUG  
关键词交集为：set()
2017-08-04 21:49:38 main.py DEBUG  
关键词交集为：set()
2017-08-04 21:49:38 main.py DEBUG  
关键词交集为：{'学术会议', '机电'}
2017-08-04 21:49:38 main.py DEBUG  
关键词交集为：set()
2017-08-04 21:49:38 main.py DEBUG  
关键词交集为：set()
2017-08-04 21:49:38 main.py DEBUG  
关键词交集为：set()
2017-08-04 21:49:38 main.py DEBUG  
关键词交集为：set()
2017-08-04 21:49:38 main.py DEBUG  
关键词交集为：set()
2017-08-04 21:49:38 main.py DEBUG  
关键词交集为：set()
2017-08-04 21:49:38 main.py DEBUG  
关键词交集为：set()
2017-08-04 21:49:38 main.py DEBUG  
关键词交集为：set()
2017-08-04 21:49:38 main.py DEBUG  
关键词交集为：set()
2017-08-04 21:49:38 main.py DEBUG  
关键词交集为：set()
2017-08-04 21:49:38 main.py DEBUG  
关键词交集为：set()
2017-08-04 21:49:38 main.py DEBUG  
关键词交集为：set()
2017-08-04 21:49:38 main.py DEBUG  
关键词交集为：set()
2017-08-04 21:49:38 main.py DEBUG  
关键词交集为：set()
2017-08-04 21:49:38 main.py DEBUG  
关键词交集为：set()
2017-08-04 21:49:38 main.py DEBUG  
关键词交集为：set()
2017-08-04 21:49:38 main.py DEBUG  
关键词交集为：set()
2017-08-04 21:49:38 main.py DEBUG  
关键词交集为：set()
2017-08-04 21:49:38 main.py DEBUG  
关键词交集为：set()
2017-08-04 21:49:38 main.py DEBUG  
关键词交集为：set()
2017-08-04 21:49:38 main.py DEBUG  
关键词交集为：set()
2017-08-04 21:49:38 main.py DEBUG  
关键词交集为：set()
2017-08-04 21:49:38 main.py DEBUG  
关键词交集为：set()
2017-08-04 21:49:38 main.py DEBUG  
关键词交集为：set()
2017-08-04 21:49:38 main.py DEBUG  
关键词交集为：set()
2017-08-04 21:49:38 main.py DEBUG  
关键词交集为：set()
2017-08-04 21:49:38 main.py DEBUG  
关键词交集为：set()
2017-08-04 21:49:38 main.py DEBUG  
关键词交集为：set()
2017-08-04 21:49:38 main.py DEBUG  
关键词交集为：set()
2017-08-04 21:49:38 main.py DEBUG  
关键词交集为：set()
2017-08-04 21:49:38 main.py DEBUG  
关键词交集为：set()
2017-08-04 21:49:38 main.py DEBUG  
关键词交集为：set()
2017-08-04 21:49:38 main.py DEBUG  
关键词交集为：set()
2017-08-04 21:49:38 main.py DEBUG  
关键词交集为：set()
2017-08-04 21:49:38 main.py DEBUG  
关键词交集为：set()
2017-08-04 21:49:38 main.py DEBUG  
关键词交集为：set()
2017-08-04 21:49:38 main.py DEBUG  
关键词交集为：set()
2017-08-04 21:49:38 main.py DEBUG  
关键词交集为：set()
2017-08-04 21:49:38 main.py DEBUG  
关键词交集为：set()
2017-08-04 21:49:38 main.py DEBUG  
关键词交集为：set()
2017-08-04 21:49:38 main.py DEBUG  
关键词交集为：set()
2017-08-04 21:49:38 main.py DEBUG  
关键词交集为：set()
2017-08-04 21:49:38 main.py DEBUG  
关键词交集为：set()
2017-08-04 21:49:38 main.py DEBUG  
关键词交集为：set()
2017-08-04 21:49:38 main.py DEBUG  
关键词交集为：set()
2017-08-04 21:49:38 main.py DEBUG  
关键词交集为：set()
2017-08-04 21:49:38 main.py DEBUG  
关键词交集为：set()
2017-08-04 21:49:38 main.py DEBUG  
关键词交集为：set()
2017-08-04 21:49:38 main.py DEBUG  
关键词交集为：set()
2017-08-04 21:49:38 main.py DEBUG  
关键词交集为：set()
2017-08-04 21:49:38 main.py DEBUG  
关键词交集为：set()
2017-08-04 21:49:38 main.py DEBUG  
关键词交集为：set()
2017-08-04 21:49:38 main.py DEBUG  
关键词交集为：set()
2017-08-04 21:49:38 main.py DEBUG  
关键词交集为：set()
2017-08-04 21:49:38 main.py DEBUG  
关键词交集为：set()
2017-08-04 21:49:38 main.py DEBUG  
关键词交集为：set()
2017-08-04 21:49:38 main.py DEBUG  
关键词交集为：set()
2017-08-04 21:49:38 main.py DEBUG  
关键词交集为：set()
2017-08-04 21:49:38 main.py DEBUG  
关键词交集为：set()
2017-08-04 21:49:38 main.py DEBUG  
关键词交集为：set()
2017-08-04 21:49:38 main.py DEBUG  
关键词交集为：set()
2017-08-04 21:49:38 main.py DEBUG  
关键词交集为：set()
2017-08-04 21:49:38 main.py DEBUG  
关键词交集为：set()
2017-08-04 21:49:38 main.py DEBUG  
关键词交集为：set()
2017-08-04 21:49:38 main.py DEBUG  
关键词交集为：set()
2017-08-04 21:49:38 main.py DEBUG  
关键词交集为：set()
2017-08-04 21:49:38 main.py DEBUG  
关键词交集为：set()
2017-08-04 21:49:38 main.py DEBUG  
关键词交集为：set()
2017-08-04 21:49:38 main.py DEBUG  
关键词交集为：set()
2017-08-04 21:49:38 main.py DEBUG  
关键词交集为：set()
2017-08-04 21:49:38 main.py DEBUG  
关键词交集为：set()
2017-08-04 21:49:38 main.py DEBUG  
关键词交集为：set()
2017-08-04 21:49:38 main.py DEBUG  
关键词交集为：set()
2017-08-04 21:49:38 main.py DEBUG  
关键词交集为：set()
2017-08-04 21:49:38 main.py DEBUG  
关键词交集为：set()
2017-08-04 21:49:38 main.py DEBUG  
关键词交集为：set()
2017-08-04 21:49:38 main.py DEBUG  
关键词交集为：set()
2017-08-04 21:49:38 main.py DEBUG  
关键词交集为：set()
2017-08-04 21:49:38 main.py DEBUG  
关键词交集为：set()
2017-08-04 21:49:38 main.py DEBUG  
关键词交集为：set()
2017-08-04 21:49:38 main.py DEBUG  
关键词交集为：set()
2017-08-04 21:49:38 main.py DEBUG  
关键词交集为：set()
2017-08-04 21:49:38 main.py DEBUG  
关键词交集为：{'系统', '智能', '人工智能', '控制'}
2017-08-04 21:49:38 main.py DEBUG  
关键词交集为：set()
2017-08-04 21:49:38 main.py DEBUG  
关键词交集为：set()
2017-08-04 21:49:38 main.py DEBUG  
关键词交集为：set()
2017-08-04 21:49:38 main.py DEBUG  
关键词交集为：set()
2017-08-04 21:49:38 main.py DEBUG  
关键词交集为：set()
2017-08-04 21:49:38 main.py DEBUG  
关键词交集为：set()
2017-08-04 21:49:38 main.py DEBUG  
关键词交集为：set()
2017-08-04 21:49:38 main.py DEBUG  
关键词交集为：set()
2017-08-04 21:49:38 main.py DEBUG  
关键词交集为：set()
2017-08-04 21:49:38 main.py DEBUG  
关键词交集为：set()
2017-08-04 21:49:38 main.py DEBUG  
关键词交集为：set()
2017-08-04 21:49:38 main.py DEBUG  
关键词交集为：set()
2017-08-04 21:49:38 main.py DEBUG  
关键词交集为：set()
2017-08-04 21:49:38 main.py DEBUG  
关键词交集为：set()
2017-08-04 21:49:38 main.py DEBUG  
关键词交集为：set()
2017-08-04 21:49:38 main.py DEBUG  
关键词交集为：set()
2017-08-04 21:49:38 main.py DEBUG  
关键词交集为：{'物联网', '能源'}
2017-08-04 21:49:38 main.py DEBUG  
关键词交集为：set()
2017-08-04 21:49:38 main.py DEBUG  
关键词交集为：set()
2017-08-04 21:49:38 main.py DEBUG  
关键词交集为：set()
2017-08-04 21:49:38 main.py DEBUG  
关键词交集为：set()
2017-08-04 21:49:38 main.py DEBUG  
关键词交集为：set()
2017-08-04 21:49:38 main.py DEBUG  
关键词交集为：set()
2017-08-04 21:49:38 main.py DEBUG  
关键词交集为：set()
2017-08-04 21:49:38 main.py DEBUG  
关键词交集为：set()
2017-08-04 21:49:38 main.py DEBUG  
关键词交集为：set()
2017-08-04 21:49:38 main.py DEBUG  
关键词交集为：set()
2017-08-04 21:49:38 main.py DEBUG  
关键词交集为：set()
2017-08-04 21:49:38 main.py DEBUG  
关键词交集为：set()
2017-08-04 21:49:38 main.py DEBUG  
关键词交集为：set()
2017-08-04 21:49:38 main.py DEBUG  
关键词交集为：set()
2017-08-04 21:49:38 main.py DEBUG  
关键词交集为：set()
2017-08-04 21:49:38 main.py DEBUG  
关键词交集为：set()
2017-08-04 21:49:38 main.py DEBUG  
关键词交集为：set()
2017-08-04 21:49:38 main.py DEBUG  
关键词交集为：{'技术', '会议'}
2017-08-04 21:49:38 main.py DEBUG  
关键词交集为：set()
2017-08-04 21:49:38 main.py DEBUG  
关键词交集为：set()
2017-08-04 21:49:38 main.py DEBUG  
关键词交集为：set()
2017-08-04 21:49:38 main.py DEBUG  
关键词交集为：set()
2017-08-04 21:49:38 main.py DEBUG  
关键词交集为：set()
2017-08-04 21:49:38 main.py DEBUG  
关键词交集为：set()
2017-08-04 21:49:38 main.py DEBUG  
关键词交集为：set()
2017-08-04 21:49:38 main.py DEBUG  
关键词交集为：set()
2017-08-04 21:49:38 main.py DEBUG  
关键词交集为：set()
2017-08-04 21:49:38 main.py DEBUG  
关键词交集为：set()
2017-08-04 21:49:38 main.py DEBUG  
关键词交集为：set()
2017-08-04 21:49:38 main.py DEBUG  
关键词交集为：set()
2017-08-04 21:49:38 main.py DEBUG  
关键词交集为：set()
2017-08-04 21:49:38 main.py DEBUG  
关键词交集为：set()
2017-08-04 21:49:38 main.py DEBUG  
关键词交集为：set()
2017-08-04 21:49:38 main.py DEBUG  
关键词交集为：set()
2017-08-04 21:49:38 main.py DEBUG  
关键词交集为：set()
2017-08-04 21:49:38 main.py DEBUG  
关键词交集为：set()
2017-08-04 21:49:38 main.py DEBUG  
关键词交集为：set()
2017-08-04 21:49:38 main.py DEBUG  
关键词交集为：set()
2017-08-04 21:49:38 main.py DEBUG  
关键词交集为：set()
2017-08-04 21:49:38 main.py DEBUG  
关键词交集为：set()
2017-08-04 21:49:38 main.py DEBUG  
关键词交集为：set()
2017-08-04 21:49:38 main.py DEBUG  
关键词交集为：set()
2017-08-04 21:49:38 main.py DEBUG  
关键词交集为：set()
2017-08-04 21:49:38 main.py DEBUG  
关键词交集为：set()
2017-08-04 21:49:38 main.py DEBUG  
关键词交集为：{'h境'}
2017-08-04 21:49:38 main.py DEBUG  
关键词交集为：set()
2017-08-04 21:49:38 main.py DEBUG  
关键词交集为：set()
2017-08-04 21:49:38 main.py DEBUG  
关键词交集为：set()
2017-08-04 21:49:38 main.py DEBUG  
关键词交集为：set()
2017-08-04 21:49:38 main.py DEBUG  
关键词交集为：set()
2017-08-04 21:49:38 main.py DEBUG  
关键词交集为：set()
2017-08-04 21:49:38 main.py DEBUG  
关键词交集为：set()
2017-08-04 21:49:38 main.py DEBUG  
关键词交集为：set()
2017-08-04 21:49:38 main.py DEBUG  
关键词交集为：set()
2017-08-04 21:49:38 main.py DEBUG  
关键词交集为：set()
2017-08-04 21:49:38 main.py DEBUG  
关键词交集为：set()
2017-08-04 21:49:38 main.py DEBUG  
关键词交集为：set()
2017-08-04 21:49:38 main.py DEBUG  
关键词交集为：set()
2017-08-04 21:49:38 main.py DEBUG  
关键词交集为：set()
2017-08-04 21:49:38 main.py DEBUG  
关键词交集为：set()
2017-08-04 21:49:38 main.py DEBUG  
关键词交集为：set()
2017-08-04 21:49:38 main.py DEBUG  
关键词交集为：set()
2017-08-04 21:49:38 main.py DEBUG  
关键词交集为：set()
2017-08-04 21:49:38 main.py DEBUG  
关键词交集为：set()
2017-08-04 21:49:38 main.py DEBUG  
关键词交集为：set()
2017-08-04 21:49:38 main.py DEBUG  
关键词交集为：set()
2017-08-04 21:49:38 main.py DEBUG  
关键词交集为：set()
2017-08-04 21:49:38 main.py DEBUG  
关键词交集为：set()
2017-08-04 21:49:38 main.py DEBUG  
关键词交集为：set()
2017-08-04 21:49:38 main.py DEBUG  
关键词交集为：set()
2017-08-04 21:49:38 main.py DEBUG  
关键词交集为：set()
2017-08-04 21:49:38 main.py DEBUG  
关键词交集为：set()
2017-08-04 21:49:38 main.py DEBUG  
关键词交集为：set()
2017-08-04 21:49:38 main.py DEBUG  
关键词交集为：set()
2017-08-04 21:49:38 main.py DEBUG  
关键词交集为：set()
2017-08-04 21:49:38 main.py DEBUG  
关键词交集为：set()
2017-08-04 21:49:38 main.py DEBUG  
关键词交集为：set()
2017-08-04 21:49:38 main.py DEBUG  
关键词交集为：set()
2017-08-04 21:49:38 main.py DEBUG  
关键词交集为：set()
2017-08-04 21:49:38 main.py DEBUG  
关键词交集为：set()
2017-08-04 21:49:38 main.py DEBUG  
关键词交集为：set()
2017-08-04 21:49:38 main.py DEBUG  
关键词交集为：set()
2017-08-04 21:49:38 main.py DEBUG  
关键词交集为：set()
2017-08-04 21:49:38 main.py DEBUG  
关键词交集为：set()
2017-08-04 21:49:38 main.py DEBUG  
关键词交集为：set()
2017-08-04 21:49:38 main.py DEBUG  
关键词交集为：set()
2017-08-04 21:49:38 main.py DEBUG  
关键词交集为：set()
2017-08-04 21:49:38 main.py DEBUG  
关键词交集为：set()
2017-08-04 21:49:38 main.py DEBUG  
关键词交集为：set()
2017-08-04 21:49:38 main.py DEBUG  
关键词交集为：set()
2017-08-04 21:49:38 main.py DEBUG  
关键词交集为：set()
2017-08-04 21:49:38 main.py DEBUG  
关键词交集为：set()
2017-08-04 21:49:38 main.py DEBUG  
关键词交集为：set()
2017-08-04 21:49:38 main.py DEBUG  
关键词交集为：set()
2017-08-04 21:49:38 main.py DEBUG  
关键词交集为：set()
2017-08-04 21:49:38 main.py DEBUG  
关键词交集为：{'分析', '可靠性'}
2017-08-04 21:49:38 main.py DEBUG  
关键词交集为：set()
2017-08-04 21:49:38 main.py DEBUG  
关键词交集为：set()
2017-08-04 21:49:38 main.py DEBUG  
关键词交集为：set()
2017-08-04 21:49:38 main.py DEBUG  
关键词交集为：set()
2017-08-04 21:49:38 main.py DEBUG  
关键词交集为：set()
2017-08-04 21:49:38 main.py DEBUG  
关键词交集为：set()
2017-08-04 21:49:38 main.py DEBUG  
关键词交集为：set()
2017-08-04 21:49:38 main.py DEBUG  
关键词交集为：set()
